This is pdfTeX, Version 3.141592653-2.6-1.40.27 (MiKTeX 25.4) (preloaded format=pdflatex 2026.4.16)  16 APR 2026 15:52
entering extended mode
 restricted \write18 enabled.
 %&-line parsing enabled.
**"./JavaScript 2.tex"
(JavaScript 2.tex
LaTeX2e <2025-11-01>
L3 programming layer <2025-10-24>

(C:\Users\Gabriele_user\AppData\Local\Programs\MiKTeX\tex/latex/koma-script\scr
book.cls
Document Class: scrbook 2025/09/09 v3.48 KOMA-Script document class (book)

(C:\Users\Gabriele_user\AppData\Local\Programs\MiKTeX\tex/latex/koma-script\scr
kbase.sty
Package: scrkbase 2025/09/09 v3.48 KOMA-Script package (KOMA-Script-dependent b
asics and keyval usage)

(C:\Users\Gabriele_user\AppData\Local\Programs\MiKTeX\tex/latex/koma-script\scr
base.sty
Package: scrbase 2025/09/09 v3.48 KOMA-Script package (KOMA-Script-independent 
basics and keyval usage)

(C:\Users\Gabriele_user\AppData\Local\Programs\MiKTeX\tex/latex/koma-script\scr
lfile.sty
Package: scrlfile 2025/09/09 v3.48 KOMA-Script package (file load hooks)

(C:\Users\Gabriele_user\AppData\Local\Programs\MiKTeX\tex/latex/koma-script\scr
lfile-hook.sty
Package: scrlfile-hook 2025/09/09 v3.48 KOMA-Script package (using LaTeX hooks)


(C:\Users\Gabriele_user\AppData\Local\Programs\MiKTeX\tex/latex/koma-script\scr
logo.sty
Package: scrlogo 2025/09/09 v3.48 KOMA-Script package (logo)
)))
(C:\Users\Gabriele_user\AppData\Local\Programs\MiKTeX\tex/latex/graphics\keyval
.sty
Package: keyval 2022/05/29 v1.15 key=value parser (DPC)
\KV@toks@=\toks17
)
Applying: [2021/05/01] Usage of raw or classic option list on input line 254.
Already applied: [0000/00/00] Usage of raw or classic option list on input line
 370.
))
(C:\Users\Gabriele_user\AppData\Local\Programs\MiKTeX\tex/latex/koma-script\toc
basic.sty
Package: tocbasic 2025/09/09 v3.48 KOMA-Script package (handling toc-files)
\scr@dte@tocline@numberwidth=\skip49
\scr@dte@tocline@numbox=\box53
)
Package tocbasic Info: omitting babel extension for `toc'
(tocbasic)             because of feature `nobabel' available
(tocbasic)             for `toc' on input line 143.
Class scrbook Info: File `scrsize11pt.clo' used instead of
(scrbook)           file `scrsize11.clo' to setup font sizes on input line 2710
.

(C:\Users\Gabriele_user\AppData\Local\Programs\MiKTeX\tex/latex/koma-script\scr
size11pt.clo
File: scrsize11pt.clo 2025/09/09 v3.48 KOMA-Script font size class option (11pt
)
)
(C:\Users\Gabriele_user\AppData\Local\Programs\MiKTeX\tex/latex/koma-script\typ
earea.sty
Package: typearea 2025/09/09 v3.48 KOMA-Script package (type area)
\ta@bcor=\skip50
\ta@div=\count275
\ta@hblk=\skip51
\ta@vblk=\skip52
\ta@temp=\skip53
\footheight=\skip54
Package typearea Info: These are the values describing the layout:
(typearea)             DIV  = 10
(typearea)             BCOR = 0.0pt
(typearea)             \paperwidth      = 597.50793pt
(typearea)              \textwidth      = 418.25555pt
(typearea)              DIV departure   = -6%
(typearea)              \evensidemargin = 47.2316pt
(typearea)              \oddsidemargin  = -12.5192pt
(typearea)             \paperheight     = 845.04694pt
(typearea)              \textheight     = 595.80026pt
(typearea)              \topmargin      = -25.16531pt
(typearea)              \headheight     = 17.0pt
(typearea)              \headsep        = 20.40001pt
(typearea)              \topskip        = 11.0pt
(typearea)              \footskip       = 47.6pt
(typearea)              \baselineskip   = 13.6pt
(typearea)              on input line 1807.
)
\c@part=\count276
\c@chapter=\count277
\c@section=\count278
\c@subsection=\count279
\c@subsubsection=\count280
\c@paragraph=\count281
\c@subparagraph=\count282
\scr@dte@chapter@maxnumwidth=\skip55
Class scrbook Info: using compatibility default `afterindent=bysign'
(scrbook)           for `\chapter on input line 6076.
\scr@dte@section@maxnumwidth=\skip56
Class scrbook Info: using compatibility default `runin=bysign'
(scrbook)           for `\section on input line 6087.
Class scrbook Info: using compatibility default `afterindent=bysign'
(scrbook)           for `\section on input line 6087.
\scr@dte@part@maxnumwidth=\skip57
Class scrbook Info: using compatibility default `afterindent=true'
(scrbook)           for `\part on input line 6096.
\scr@dte@subsection@maxnumwidth=\skip58
Class scrbook Info: using compatibility default `runin=bysign'
(scrbook)           for `\subsection on input line 6106.
Class scrbook Info: using compatibility default `afterindent=bysign'
(scrbook)           for `\subsection on input line 6106.
\scr@dte@subsubsection@maxnumwidth=\skip59
Class scrbook Info: using compatibility default `runin=bysign'
(scrbook)           for `\subsubsection on input line 6116.
Class scrbook Info: using compatibility default `afterindent=bysign'
(scrbook)           for `\subsubsection on input line 6116.
\scr@dte@paragraph@maxnumwidth=\skip60
Class scrbook Info: using compatibility default `runin=bysign'
(scrbook)           for `\paragraph on input line 6127.
Class scrbook Info: using compatibility default `afterindent=bysign'
(scrbook)           for `\paragraph on input line 6127.
\scr@dte@subparagraph@maxnumwidth=\skip61
Class scrbook Info: using compatibility default `runin=bysign'
(scrbook)           for `\subparagraph on input line 6137.
Class scrbook Info: using compatibility default `afterindent=bysign'
(scrbook)           for `\subparagraph on input line 6137.
\abovecaptionskip=\skip62
\belowcaptionskip=\skip63
\c@pti@nb@sid@b@x=\box54
Package tocbasic Info: omitting babel extension for `lof'
(tocbasic)             because of feature `nobabel' available
(tocbasic)             for `lof' on input line 7350.
\scr@dte@figure@maxnumwidth=\skip64
\c@figure=\count283
Package tocbasic Info: omitting babel extension for `lot'
(tocbasic)             because of feature `nobabel' available
(tocbasic)             for `lot' on input line 7363.
\scr@dte@table@maxnumwidth=\skip65
\c@table=\count284
Class scrbook Info: Redefining `\numberline' on input line 7534.
\bibindent=\dimen148
)
(C:\Users\Gabriele_user\AppData\Local\Programs\MiKTeX\tex/latex/graphics\graphi
cx.sty
Package: graphicx 2024/12/31 v1.2e Enhanced LaTeX Graphics (DPC,SPQR)

(C:\Users\Gabriele_user\AppData\Local\Programs\MiKTeX\tex/latex/graphics\graphi
cs.sty
Package: graphics 2024/08/06 v1.4g Standard LaTeX Graphics (DPC,SPQR)

(C:\Users\Gabriele_user\AppData\Local\Programs\MiKTeX\tex/latex/graphics\trig.s
ty
Package: trig 2023/12/02 v1.11 sin cos tan (DPC)
)
(C:\Users\Gabriele_user\AppData\Local\Programs\MiKTeX\tex/latex/graphics-cfg\gr
aphics.cfg
File: graphics.cfg 2016/06/04 v1.11 sample graphics configuration
)
Package graphics Info: Driver file: pdftex.def on input line 106.

(C:\Users\Gabriele_user\AppData\Local\Programs\MiKTeX\tex/latex/graphics-def\pd
ftex.def
File: pdftex.def 2025/09/29 v1.2d Graphics/color driver for pdftex
))
\Gin@req@height=\dimen149
\Gin@req@width=\dimen150
)
(C:\Users\Gabriele_user\AppData\Local\Programs\MiKTeX\tex/latex/tools\tabularx.
sty
Package: tabularx 2023/12/11 v2.12a `tabularx' package (DPC)

(C:\Users\Gabriele_user\AppData\Local\Programs\MiKTeX\tex/latex/tools\array.sty
Package: array 2025/09/25 v2.6n Tabular extension package (FMi)
\col@sep=\dimen151
\ar@mcellbox=\box55
\extrarowheight=\dimen152
\NC@list=\toks18
\extratabsurround=\skip66
\backup@length=\skip67
\ar@cellbox=\box56
)
\TX@col@width=\dimen153
\TX@old@table=\dimen154
\TX@old@col=\dimen155
\TX@target=\dimen156
\TX@delta=\dimen157
\TX@cols=\count285
\TX@ftn=\toks19
)
(C:\Users\Gabriele_user\AppData\Local\Programs\MiKTeX\tex/latex/koma-script\scr
layer-scrpage.sty
Package: scrlayer-scrpage 2025/09/09 v3.48 KOMA-Script package (end user interf
ace for scrlayer)

(C:\Users\Gabriele_user\AppData\Local\Programs\MiKTeX\tex/latex/koma-script\scr
layer.sty
Package: scrlayer 2025/09/09 v3.48 KOMA-Script package (defining layers and pag
e styles)
Package scrlayer Info: patching LaTeX kernel macro \pagestyle on input line 217
9.
)
Package scrlayer-scrpage Info: Makeing stand-alone element `pagehead' from
(scrlayer-scrpage)             alias to `pageheadfoot' on input line 1106.
)
(C:\Users\Gabriele_user\AppData\Local\Programs\MiKTeX\tex/latex/url\url.sty
\Urlmuskip=\muskip17
Package: url 2013/09/16  ver 3.4  Verb mode for urls, etc.
)
(C:\Users\Gabriele_user\AppData\Local\Programs\MiKTeX\tex/latex/hyperref\hyperr
ef.sty
Package: hyperref 2025-07-12 v7.01o Hypertext links for LaTeX

(C:\Users\Gabriele_user\AppData\Local\Programs\MiKTeX\tex/generic/iftex\iftex.s
ty
Package: iftex 2024/12/12 v1.0g TeX engine tests
)
(C:\Users\Gabriele_user\AppData\Local\Programs\MiKTeX\tex/latex/kvsetkeys\kvset
keys.sty
Package: kvsetkeys 2022-10-05 v1.19 Key value parser (HO)
)
(C:\Users\Gabriele_user\AppData\Local\Programs\MiKTeX\tex/generic/kvdefinekeys\
kvdefinekeys.sty
Package: kvdefinekeys 2019-12-19 v1.6 Define keys (HO)
)
(C:\Users\Gabriele_user\AppData\Local\Programs\MiKTeX\tex/generic/pdfescape\pdf
escape.sty
Package: pdfescape 2019/12/09 v1.15 Implements pdfTeX's escape features (HO)

(C:\Users\Gabriele_user\AppData\Local\Programs\MiKTeX\tex/generic/ltxcmds\ltxcm
ds.sty
Package: ltxcmds 2023-12-04 v1.26 LaTeX kernel commands for general use (HO)
)
(C:\Users\Gabriele_user\AppData\Local\Programs\MiKTeX\tex/generic/pdftexcmds\pd
ftexcmds.sty
Package: pdftexcmds 2020-06-27 v0.33 Utility functions of pdfTeX for LuaTeX (HO
)

(C:\Users\Gabriele_user\AppData\Local\Programs\MiKTeX\tex/generic/infwarerr\inf
warerr.sty
Package: infwarerr 2019/12/03 v1.5 Providing info/warning/error messages (HO)
)
Package pdftexcmds Info: \pdf@primitive is available.
Package pdftexcmds Info: \pdf@ifprimitive is available.
Package pdftexcmds Info: \pdfdraftmode found.
))
(C:\Users\Gabriele_user\AppData\Local\Programs\MiKTeX\tex/latex/hycolor\hycolor
.sty
Package: hycolor 2020-01-27 v1.10 Color options for hyperref/bookmark (HO)
)
(C:\Users\Gabriele_user\AppData\Local\Programs\MiKTeX\tex/latex/hyperref\namere
f.sty
Package: nameref 2025-06-21 v2.57 Cross-referencing by name of section

(C:\Users\Gabriele_user\AppData\Local\Programs\MiKTeX\tex/latex/refcount\refcou
nt.sty
Package: refcount 2019/12/15 v3.6 Data extraction from label references (HO)
)
(C:\Users\Gabriele_user\AppData\Local\Programs\MiKTeX\tex/generic/gettitlestrin
g\gettitlestring.sty
Package: gettitlestring 2019/12/15 v1.6 Cleanup title references (HO)

(C:\Users\Gabriele_user\AppData\Local\Programs\MiKTeX\tex/latex/kvoptions\kvopt
ions.sty
Package: kvoptions 2022-06-15 v3.15 Key value format for package options (HO)
))
\c@section@level=\count286
)
(C:\Users\Gabriele_user\AppData\Local\Programs\MiKTeX\tex/latex/etoolbox\etoolb
ox.sty
Package: etoolbox 2025/10/02 v2.5m e-TeX tools for LaTeX (JAW)
\etb@tempcnta=\count287
)
(C:\Users\Gabriele_user\AppData\Local\Programs\MiKTeX\tex/generic/stringenc\str
ingenc.sty
Package: stringenc 2019/11/29 v1.12 Convert strings between diff. encodings (HO
)
)
\@linkdim=\dimen158
\Hy@linkcounter=\count288
\Hy@pagecounter=\count289

(C:\Users\Gabriele_user\AppData\Local\Programs\MiKTeX\tex/latex/hyperref\pd1enc
.def
File: pd1enc.def 2025-07-12 v7.01o Hyperref: PDFDocEncoding definition (HO)
Now handling font encoding PD1 ...
... no UTF-8 mapping file for font encoding PD1
)
(C:\Users\Gabriele_user\AppData\Local\Programs\MiKTeX\tex/generic/intcalc\intca
lc.sty
Package: intcalc 2019/12/15 v1.3 Expandable calculations with integers (HO)
)
\Hy@SavedSpaceFactor=\count290

(C:\Users\Gabriele_user\AppData\Local\Programs\MiKTeX\tex/latex/hyperref\puenc.
def
File: puenc.def 2025-07-12 v7.01o Hyperref: PDF Unicode definition (HO)
Now handling font encoding PU ...
... no UTF-8 mapping file for font encoding PU
)
Package hyperref Info: Hyper figures OFF on input line 4195.
Package hyperref Info: Link nesting OFF on input line 4200.
Package hyperref Info: Hyper index ON on input line 4203.
Package hyperref Info: Plain pages OFF on input line 4210.
Package hyperref Info: Backreferencing OFF on input line 4215.
Package hyperref Info: Implicit mode ON; LaTeX internals redefined.
Package hyperref Info: Bookmarks ON on input line 4462.
\c@Hy@tempcnt=\count291
LaTeX Info: Redefining \url on input line 4801.
\XeTeXLinkMargin=\dimen159

(C:\Users\Gabriele_user\AppData\Local\Programs\MiKTeX\tex/generic/bitset\bitset
.sty
Package: bitset 2019/12/09 v1.3 Handle bit-vector datatype (HO)

(C:\Users\Gabriele_user\AppData\Local\Programs\MiKTeX\tex/generic/bigintcalc\bi
gintcalc.sty
Package: bigintcalc 2019/12/15 v1.5 Expandable calculations on big integers (HO
)
))
\Fld@menulength=\count292
\Field@Width=\dimen160
\Fld@charsize=\dimen161
Package hyperref Info: Hyper figures OFF on input line 6078.
Package hyperref Info: Link nesting OFF on input line 6083.
Package hyperref Info: Hyper index ON on input line 6086.
Package hyperref Info: backreferencing OFF on input line 6093.
Package hyperref Info: Link coloring OFF on input line 6098.
Package hyperref Info: Link coloring with OCG OFF on input line 6103.
Package hyperref Info: PDF/A mode OFF on input line 6108.
\Hy@abspage=\count293
\c@Item=\count294
\c@Hfootnote=\count295
)
Package hyperref Info: Driver (autodetected): hpdftex.

(C:\Users\Gabriele_user\AppData\Local\Programs\MiKTeX\tex/latex/hyperref\hpdfte
x.def
File: hpdftex.def 2025-07-12 v7.01o Hyperref driver for pdfTeX
\Fld@listcount=\count296
\c@bookmark@seq@number=\count297

(C:\Users\Gabriele_user\AppData\Local\Programs\MiKTeX\tex/latex/rerunfilecheck\
rerunfilecheck.sty
Package: rerunfilecheck 2025-06-21 v1.11 Rerun checks for auxiliary files (HO)

(C:\Users\Gabriele_user\AppData\Local\Programs\MiKTeX\tex/generic/uniquecounter
\uniquecounter.sty
Package: uniquecounter 2019/12/15 v1.4 Provide unlimited unique counter (HO)
)
Package uniquecounter Info: New unique counter `rerunfilecheck' on input line 2
84.
)
\Hy@SectionHShift=\skip68
)
(C:\Users\Gabriele_user\AppData\Local\Programs\MiKTeX\tex/latex/listings\listin
gs.sty \lstset,
\lst@mode=\count298
 
new hook `InitVars',

new hook `EndGroup',

new hook `ExitVars',

new hook `ModeTrue',

new hook `EOL',
\lst@gtempboxa=\box57
\lst@token=\toks20
\lst@length=\count299

new hook `InitVarsBOL',
\lst@currlwidth=\dimen162
\lst@column=\count300
\lst@pos=\count301
\lst@lostspace=\dimen163
\lst@width=\dimen164
basewidth, 
new hook `FontAdjust',
fontadjust, 
new hook `PostOutput',

new hook `OutputBox',

new hook `InitBOL',
columns, flexiblecolumns,
\lst@newlines=\count302
 
new hook `OnNewLine',
emptylines, 
new hook `OnEmptyLine',
identifierstyle, 
new hook `EmptyStyle',

new hook `OutputOther',

new hook `Output',
tabsize, showtabs, tab, showspaces, keepspaces, 
new hook `Init',
formfeed, upquote, SelectCharTable, MoreSelectCharTable,

new hook `SetLanguage',
extendedchars, useoutput, rescanchars, alsoletter, alsodigit, alsoother,

new hook `SelectCharTable',
excludedelims, delim, moredelim, deletedelim, literate, basicstyle,
inputencoding, multicols, 
new hook `EveryLine',
\lst@lineno=\count303
print, firstline, lastline, 
new hook `PreSet',
nolol, linerange, consecutivenumbers, rangeprefix, rangesuffix,
rangebeginprefix, rangebeginsuffix, rangeendprefix, rangeendsuffix,
includerangemarker, 
new hook `DeInit',
captionpos, abovecaptionskip, belowcaptionskip, label, title, caption,

new hook `TextStyle',
\lstlistingname, \lstlistingnamestyle, numberbychapter, boxpos, float,
floatplacement, aboveskip, belowskip, everydisplay, 
new hook `DisplayStyle',

new hook `PreInit',

new hook `EveryPar',
showlines,
\lst@maxwidth=\dimen165
 
new hook `InitVarsEOL',
gobble, name, \lstlistlistingname, \lstlistoflistings, inputpath,
\lstnewenvironment, fancyvrb,
(C:\Users\Gabriele_user\AppData\Local\Programs\MiKTeX\tex/latex/listings\lstpat
ch.sty
File: lstpatch.sty 2025/10/06 1.11 (Carsten Heinz)
)
(C:\Users\Gabriele_user\AppData\Local\Programs\MiKTeX\tex/latex/listings\lstmis
c.sty
File: lstmisc.sty 2025/10/06 1.11 (Carsten Heinz)
 
Define lst-aspect `strings': string, morestring, deletestring, stringstyle,
showstringspaces, 
new hook `ExcludeDelims',

Allocs: none

Define lst-aspect `comments': comment, morecomment, deletecomment,
commentstyle, 
new hook `AfterBeginComment',

Allocs: none

Define lst-aspect `escape': texcl, escapebegin, escapeend, escapechar,
escapeinside, mathescape, 
Allocs: none

Define lst-aspect `keywords': sensitive, 
new hook `TrackKeywords',

new hook `PostTrackKeywords',

new hook `DetectKeywords',
classoffset, keywords, morekeywords, deletekeywords, keywordstyle,
keywordstyle, ndkeywords, morendkeywords, deletendkeywords, ndkeywordstyle,
keywordsprefix, otherkeywords, 
Allocs: none

Define lst-aspect `emph': emph, moreemph, deleteemph, emphstyle, 
Allocs: none

Define lst-aspect `index': index, moreindex, deleteindex, indexstyle,
\lstindexmacro, 
Allocs: none

Define lst-aspect `style': \lststylefiles, \lstdefinestyle, \lst@definestyle,
style, 
new hook `SetStyle',

Allocs: none

Define lst-aspect `language': \lstlanguagefiles, \lstdefinelanguage,
\lst@definelanguage, language, alsolanguage, \lstalias, defaultdialect,

Allocs: none

Define lst-aspect `labels': numbers, stepnumber, numberfirstline, numberstyle,
numbersep, numberblanklines, firstnumber,
\c@lstnumber=\count304
\lst@skipnumbers=\count305
 
Allocs: 2\count, 

Define lst-aspect `lineshape': xleftmargin, xrightmargin, resetmargins,

new hook `BoxUnsafe',
linewidth, lineskip, breaklines, breakindent, breakautoindent,
breakatwhitespace, prebreak, postbreak, 
Allocs: none

Define lst-aspect `frames': framexleftmargin, framexrightmargin,
framextopmargin, framexbottommargin, backgroundcolor, fillcolor, rulecolor,
rulesepcolor, rulesep, framerule, framesep, frameshape, frameround, frame,
\lst@framebox=\box58


Allocs: 1\box, 
) 
Allocs: 8\count, 4\dimen, 2\box, 1\toks, 

(C:\Users\Gabriele_user\AppData\Local\Programs\MiKTeX\tex/latex/listings\listin
gs.cfg
File: listings.cfg 2025/10/06 1.11 listings configuration
))
Package: listings 2025/10/06 1.11 (Carsten Heinz)

==> First Aid for listings.sty no longer applied!
    Expected:
        2024/09/23 1.10c (Carsten Heinz)
    but found:
        2025/10/06 1.11 (Carsten Heinz)
    so I'm assuming it got fixed.

(C:\Users\Gabriele_user\AppData\Local\Programs\MiKTeX\tex/latex/mathtools\matht
ools.sty
Package: mathtools 2024/10/04 v1.31 mathematical typesetting tools

(C:\Users\Gabriele_user\AppData\Local\Programs\MiKTeX\tex/latex/tools\calc.sty
Package: calc 2025/03/01 v4.3b Infix arithmetic (KKT,FJ)
\calc@Acount=\count306
\calc@Bcount=\count307
\calc@Adimen=\dimen166
\calc@Bdimen=\dimen167
\calc@Askip=\skip69
\calc@Bskip=\skip70
LaTeX Info: Redefining \setlength on input line 86.
LaTeX Info: Redefining \addtolength on input line 87.
\calc@Ccount=\count308
\calc@Cskip=\skip71
)
(C:\Users\Gabriele_user\AppData\Local\Programs\MiKTeX\tex/latex/mathtools\mhset
up.sty
Package: mhsetup 2021/03/18 v1.4 programming setup (MH)
)
(C:\Users\Gabriele_user\AppData\Local\Programs\MiKTeX\tex/latex/amsmath\amsmath
.sty
Package: amsmath 2025/07/09 v2.17z AMS math features
\@mathmargin=\skip72

For additional information on amsmath, use the `?' option.

(C:\Users\Gabriele_user\AppData\Local\Programs\MiKTeX\tex/latex/amsmath\amstext
.sty
Package: amstext 2024/11/17 v2.01 AMS text

(C:\Users\Gabriele_user\AppData\Local\Programs\MiKTeX\tex/latex/amsmath\amsgen.
sty
File: amsgen.sty 1999/11/30 v2.0 generic functions
\@emptytoks=\toks21
\ex@=\dimen168
))
(C:\Users\Gabriele_user\AppData\Local\Programs\MiKTeX\tex/latex/amsmath\amsbsy.
sty
Package: amsbsy 1999/11/29 v1.2d Bold Symbols
\pmbraise@=\dimen169
)
(C:\Users\Gabriele_user\AppData\Local\Programs\MiKTeX\tex/latex/amsmath\amsopn.
sty
Package: amsopn 2022/04/08 v2.04 operator names
)
\inf@bad=\count309
LaTeX Info: Redefining \frac on input line 233.
\uproot@=\count310
\leftroot@=\count311
LaTeX Info: Redefining \overline on input line 398.
LaTeX Info: Redefining \colon on input line 409.
\classnum@=\count312
\DOTSCASE@=\count313
LaTeX Info: Redefining \ldots on input line 495.
LaTeX Info: Redefining \dots on input line 498.
LaTeX Info: Redefining \cdots on input line 619.
\Mathstrutbox@=\box59
\strutbox@=\box60
LaTeX Info: Redefining \big on input line 721.
LaTeX Info: Redefining \Big on input line 722.
LaTeX Info: Redefining \bigg on input line 723.
LaTeX Info: Redefining \Bigg on input line 724.
\big@size=\dimen170
LaTeX Font Info:    Redeclaring font encoding OML on input line 742.
LaTeX Font Info:    Redeclaring font encoding OMS on input line 743.
\macc@depth=\count314
LaTeX Info: Redefining \bmod on input line 904.
LaTeX Info: Redefining \pmod on input line 909.
LaTeX Info: Redefining \smash on input line 939.
LaTeX Info: Redefining \relbar on input line 969.
LaTeX Info: Redefining \Relbar on input line 970.
\c@MaxMatrixCols=\count315
\dotsspace@=\muskip18
\c@parentequation=\count316
\dspbrk@lvl=\count317
\tag@help=\toks22
\row@=\count318
\column@=\count319
\maxfields@=\count320
\andhelp@=\toks23
\eqnshift@=\dimen171
\alignsep@=\dimen172
\tagshift@=\dimen173
\tagwidth@=\dimen174
\totwidth@=\dimen175
\lineht@=\dimen176
\@envbody=\toks24
\multlinegap=\skip73
\multlinetaggap=\skip74
\mathdisplay@stack=\toks25
LaTeX Info: Redefining \[ on input line 2950.
LaTeX Info: Redefining \] on input line 2951.
)
\g_MT_multlinerow_int=\count321
\l_MT_multwidth_dim=\dimen177
\origjot=\skip75
\l_MT_shortvdotswithinadjustabove_dim=\dimen178
\l_MT_shortvdotswithinadjustbelow_dim=\dimen179
\l_MT_above_intertext_sep=\dimen180
\l_MT_below_intertext_sep=\dimen181
\l_MT_above_shortintertext_sep=\dimen182
\l_MT_below_shortintertext_sep=\dimen183
\xmathstrut@box=\box61
\xmathstrut@dim=\dimen184
)
(C:\Users\Gabriele_user\AppData\Local\Programs\MiKTeX\tex/latex/pgf/frontendlay
er\tikz.sty
(C:\Users\Gabriele_user\AppData\Local\Programs\MiKTeX\tex/latex/pgf/basiclayer\
pgf.sty
(C:\Users\Gabriele_user\AppData\Local\Programs\MiKTeX\tex/latex/pgf/utilities\p
gfrcs.sty
(C:\Users\Gabriele_user\AppData\Local\Programs\MiKTeX\tex/generic/pgf/utilities
\pgfutil-common.tex
\pgfutil@everybye=\toks26
\pgfutil@tempdima=\dimen185
\pgfutil@tempdimb=\dimen186
)
(C:\Users\Gabriele_user\AppData\Local\Programs\MiKTeX\tex/generic/pgf/utilities
\pgfutil-latex.def
\pgfutil@abb=\box62
)
(C:\Users\Gabriele_user\AppData\Local\Programs\MiKTeX\tex/generic/pgf/utilities
\pgfrcs.code.tex
(C:\Users\Gabriele_user\AppData\Local\Programs\MiKTeX\tex/generic/pgf\pgf.revis
ion.tex)
Package: pgfrcs 2025-08-29 v3.1.11a (3.1.11a)
))
Package: pgf 2025-08-29 v3.1.11a (3.1.11a)

(C:\Users\Gabriele_user\AppData\Local\Programs\MiKTeX\tex/latex/pgf/basiclayer\
pgfcore.sty
(C:\Users\Gabriele_user\AppData\Local\Programs\MiKTeX\tex/latex/pgf/systemlayer
\pgfsys.sty
(C:\Users\Gabriele_user\AppData\Local\Programs\MiKTeX\tex/generic/pgf/systemlay
er\pgfsys.code.tex
Package: pgfsys 2025-08-29 v3.1.11a (3.1.11a)

(C:\Users\Gabriele_user\AppData\Local\Programs\MiKTeX\tex/generic/pgf/utilities
\pgfkeys.code.tex
\pgfkeys@pathtoks=\toks27
\pgfkeys@temptoks=\toks28

(C:\Users\Gabriele_user\AppData\Local\Programs\MiKTeX\tex/generic/pgf/utilities
\pgfkeyslibraryfiltered.code.tex
\pgfkeys@tmptoks=\toks29
))
\pgf@x=\dimen187
\pgf@y=\dimen188
\pgf@xa=\dimen189
\pgf@ya=\dimen190
\pgf@xb=\dimen191
\pgf@yb=\dimen192
\pgf@xc=\dimen193
\pgf@yc=\dimen194
\pgf@xd=\dimen195
\pgf@yd=\dimen196
\w@pgf@writea=\write3
\r@pgf@reada=\read2
\c@pgf@counta=\count322
\c@pgf@countb=\count323
\c@pgf@countc=\count324
\c@pgf@countd=\count325
\t@pgf@toka=\toks30
\t@pgf@tokb=\toks31
\t@pgf@tokc=\toks32
\pgf@sys@id@count=\count326

(C:\Users\Gabriele_user\AppData\Local\Programs\MiKTeX\tex/generic/pgf/systemlay
er\pgf.cfg
File: pgf.cfg 2025-08-29 v3.1.11a (3.1.11a)
)
Driver file for pgf: pgfsys-pdftex.def

(C:\Users\Gabriele_user\AppData\Local\Programs\MiKTeX\tex/generic/pgf/systemlay
er\pgfsys-pdftex.def
File: pgfsys-pdftex.def 2025-08-29 v3.1.11a (3.1.11a)

(C:\Users\Gabriele_user\AppData\Local\Programs\MiKTeX\tex/generic/pgf/systemlay
er\pgfsys-common-pdf.def
File: pgfsys-common-pdf.def 2025-08-29 v3.1.11a (3.1.11a)
)))
(C:\Users\Gabriele_user\AppData\Local\Programs\MiKTeX\tex/generic/pgf/systemlay
er\pgfsyssoftpath.code.tex
File: pgfsyssoftpath.code.tex 2025-08-29 v3.1.11a (3.1.11a)
\pgfsyssoftpath@smallbuffer@items=\count327
\pgfsyssoftpath@bigbuffer@items=\count328
)
(C:\Users\Gabriele_user\AppData\Local\Programs\MiKTeX\tex/generic/pgf/systemlay
er\pgfsysprotocol.code.tex
File: pgfsysprotocol.code.tex 2025-08-29 v3.1.11a (3.1.11a)
))
(C:\Users\Gabriele_user\AppData\Local\Programs\MiKTeX\tex/latex/xcolor\xcolor.s
ty
Package: xcolor 2024/09/29 v3.02 LaTeX color extensions (UK)

(C:\Users\Gabriele_user\AppData\Local\Programs\MiKTeX\tex/latex/graphics-cfg\co
lor.cfg
File: color.cfg 2016/01/02 v1.6 sample color configuration
)
Package xcolor Info: Driver file: pdftex.def on input line 274.

(C:\Users\Gabriele_user\AppData\Local\Programs\MiKTeX\tex/latex/graphics\mathco
lor.ltx)
Package xcolor Info: Model `cmy' substituted by `cmy0' on input line 1349.
Package xcolor Info: Model `hsb' substituted by `rgb' on input line 1353.
Package xcolor Info: Model `RGB' extended on input line 1365.
Package xcolor Info: Model `HTML' substituted by `rgb' on input line 1367.
Package xcolor Info: Model `Hsb' substituted by `hsb' on input line 1368.
Package xcolor Info: Model `tHsb' substituted by `hsb' on input line 1369.
Package xcolor Info: Model `HSB' substituted by `hsb' on input line 1370.
Package xcolor Info: Model `Gray' substituted by `gray' on input line 1371.
Package xcolor Info: Model `wave' substituted by `hsb' on input line 1372.
)
(C:\Users\Gabriele_user\AppData\Local\Programs\MiKTeX\tex/generic/pgf/basiclaye
r\pgfcore.code.tex
Package: pgfcore 2025-08-29 v3.1.11a (3.1.11a)

(C:\Users\Gabriele_user\AppData\Local\Programs\MiKTeX\tex/generic/pgf/math\pgfm
ath.code.tex
(C:\Users\Gabriele_user\AppData\Local\Programs\MiKTeX\tex/generic/pgf/math\pgfm
athutil.code.tex)
(C:\Users\Gabriele_user\AppData\Local\Programs\MiKTeX\tex/generic/pgf/math\pgfm
athparser.code.tex
\pgfmath@dimen=\dimen197
\pgfmath@count=\count329
\pgfmath@box=\box63
\pgfmath@toks=\toks33
\pgfmath@stack@operand=\toks34
\pgfmath@stack@operation=\toks35
)
(C:\Users\Gabriele_user\AppData\Local\Programs\MiKTeX\tex/generic/pgf/math\pgfm
athfunctions.code.tex)
(C:\Users\Gabriele_user\AppData\Local\Programs\MiKTeX\tex/generic/pgf/math\pgfm
athfunctions.basic.code.tex)
(C:\Users\Gabriele_user\AppData\Local\Programs\MiKTeX\tex/generic/pgf/math\pgfm
athfunctions.trigonometric.code.tex)
(C:\Users\Gabriele_user\AppData\Local\Programs\MiKTeX\tex/generic/pgf/math\pgfm
athfunctions.random.code.tex)
(C:\Users\Gabriele_user\AppData\Local\Programs\MiKTeX\tex/generic/pgf/math\pgfm
athfunctions.comparison.code.tex)
(C:\Users\Gabriele_user\AppData\Local\Programs\MiKTeX\tex/generic/pgf/math\pgfm
athfunctions.base.code.tex)
(C:\Users\Gabriele_user\AppData\Local\Programs\MiKTeX\tex/generic/pgf/math\pgfm
athfunctions.round.code.tex)
(C:\Users\Gabriele_user\AppData\Local\Programs\MiKTeX\tex/generic/pgf/math\pgfm
athfunctions.misc.code.tex)
(C:\Users\Gabriele_user\AppData\Local\Programs\MiKTeX\tex/generic/pgf/math\pgfm
athfunctions.integerarithmetics.code.tex)
(C:\Users\Gabriele_user\AppData\Local\Programs\MiKTeX\tex/generic/pgf/math\pgfm
athcalc.code.tex)
(C:\Users\Gabriele_user\AppData\Local\Programs\MiKTeX\tex/generic/pgf/math\pgfm
athfloat.code.tex
\c@pgfmathroundto@lastzeros=\count330
))
(C:\Users\Gabriele_user\AppData\Local\Programs\MiKTeX\tex/generic/pgf/math\pgfi
nt.code.tex)
(C:\Users\Gabriele_user\AppData\Local\Programs\MiKTeX\tex/generic/pgf/basiclaye
r\pgfcorepoints.code.tex
File: pgfcorepoints.code.tex 2025-08-29 v3.1.11a (3.1.11a)
\pgf@picminx=\dimen198
\pgf@picmaxx=\dimen199
\pgf@picminy=\dimen256
\pgf@picmaxy=\dimen257
\pgf@pathminx=\dimen258
\pgf@pathmaxx=\dimen259
\pgf@pathminy=\dimen260
\pgf@pathmaxy=\dimen261
\pgf@xx=\dimen262
\pgf@xy=\dimen263
\pgf@yx=\dimen264
\pgf@yy=\dimen265
\pgf@zx=\dimen266
\pgf@zy=\dimen267
)
(C:\Users\Gabriele_user\AppData\Local\Programs\MiKTeX\tex/generic/pgf/basiclaye
r\pgfcorepathconstruct.code.tex
File: pgfcorepathconstruct.code.tex 2025-08-29 v3.1.11a (3.1.11a)
\pgf@path@lastx=\dimen268
\pgf@path@lasty=\dimen269
)
(C:\Users\Gabriele_user\AppData\Local\Programs\MiKTeX\tex/generic/pgf/basiclaye
r\pgfcorepathusage.code.tex
File: pgfcorepathusage.code.tex 2025-08-29 v3.1.11a (3.1.11a)
\pgf@shorten@end@additional=\dimen270
\pgf@shorten@start@additional=\dimen271
)
(C:\Users\Gabriele_user\AppData\Local\Programs\MiKTeX\tex/generic/pgf/basiclaye
r\pgfcorescopes.code.tex
File: pgfcorescopes.code.tex 2025-08-29 v3.1.11a (3.1.11a)
\pgfpic=\box64
\pgf@hbox=\box65
\pgf@layerbox@main=\box66
\pgf@picture@serial@count=\count331
)
(C:\Users\Gabriele_user\AppData\Local\Programs\MiKTeX\tex/generic/pgf/basiclaye
r\pgfcoregraphicstate.code.tex
File: pgfcoregraphicstate.code.tex 2025-08-29 v3.1.11a (3.1.11a)
\pgflinewidth=\dimen272
)
(C:\Users\Gabriele_user\AppData\Local\Programs\MiKTeX\tex/generic/pgf/basiclaye
r\pgfcoretransformations.code.tex
File: pgfcoretransformations.code.tex 2025-08-29 v3.1.11a (3.1.11a)
\pgf@pt@x=\dimen273
\pgf@pt@y=\dimen274
\pgf@pt@temp=\dimen275
)
(C:\Users\Gabriele_user\AppData\Local\Programs\MiKTeX\tex/generic/pgf/basiclaye
r\pgfcorequick.code.tex
File: pgfcorequick.code.tex 2025-08-29 v3.1.11a (3.1.11a)
)
(C:\Users\Gabriele_user\AppData\Local\Programs\MiKTeX\tex/generic/pgf/basiclaye
r\pgfcoreobjects.code.tex
File: pgfcoreobjects.code.tex 2025-08-29 v3.1.11a (3.1.11a)
)
(C:\Users\Gabriele_user\AppData\Local\Programs\MiKTeX\tex/generic/pgf/basiclaye
r\pgfcorepathprocessing.code.tex
File: pgfcorepathprocessing.code.tex 2025-08-29 v3.1.11a (3.1.11a)
)
(C:\Users\Gabriele_user\AppData\Local\Programs\MiKTeX\tex/generic/pgf/basiclaye
r\pgfcorearrows.code.tex
File: pgfcorearrows.code.tex 2025-08-29 v3.1.11a (3.1.11a)
\pgfarrowsep=\dimen276
)
(C:\Users\Gabriele_user\AppData\Local\Programs\MiKTeX\tex/generic/pgf/basiclaye
r\pgfcoreshade.code.tex
File: pgfcoreshade.code.tex 2025-08-29 v3.1.11a (3.1.11a)
\pgf@max=\dimen277
\pgf@sys@shading@range@num=\count332
\pgf@shadingcount=\count333
)
(C:\Users\Gabriele_user\AppData\Local\Programs\MiKTeX\tex/generic/pgf/basiclaye
r\pgfcoreimage.code.tex
File: pgfcoreimage.code.tex 2025-08-29 v3.1.11a (3.1.11a)
)
(C:\Users\Gabriele_user\AppData\Local\Programs\MiKTeX\tex/generic/pgf/basiclaye
r\pgfcoreexternal.code.tex
File: pgfcoreexternal.code.tex 2025-08-29 v3.1.11a (3.1.11a)
\pgfexternal@startupbox=\box67
)
(C:\Users\Gabriele_user\AppData\Local\Programs\MiKTeX\tex/generic/pgf/basiclaye
r\pgfcorelayers.code.tex
File: pgfcorelayers.code.tex 2025-08-29 v3.1.11a (3.1.11a)
)
(C:\Users\Gabriele_user\AppData\Local\Programs\MiKTeX\tex/generic/pgf/basiclaye
r\pgfcoretransparency.code.tex
File: pgfcoretransparency.code.tex 2025-08-29 v3.1.11a (3.1.11a)
)
(C:\Users\Gabriele_user\AppData\Local\Programs\MiKTeX\tex/generic/pgf/basiclaye
r\pgfcorepatterns.code.tex
File: pgfcorepatterns.code.tex 2025-08-29 v3.1.11a (3.1.11a)
)
(C:\Users\Gabriele_user\AppData\Local\Programs\MiKTeX\tex/generic/pgf/basiclaye
r\pgfcorerdf.code.tex
File: pgfcorerdf.code.tex 2025-08-29 v3.1.11a (3.1.11a)
)))
(C:\Users\Gabriele_user\AppData\Local\Programs\MiKTeX\tex/generic/pgf/modules\p
gfmoduleshapes.code.tex
File: pgfmoduleshapes.code.tex 2025-08-29 v3.1.11a (3.1.11a)
\pgfnodeparttextbox=\box68
)
(C:\Users\Gabriele_user\AppData\Local\Programs\MiKTeX\tex/generic/pgf/modules\p
gfmoduleplot.code.tex
File: pgfmoduleplot.code.tex 2025-08-29 v3.1.11a (3.1.11a)
)
(C:\Users\Gabriele_user\AppData\Local\Programs\MiKTeX\tex/latex/pgf/compatibili
ty\pgfcomp-version-0-65.sty
Package: pgfcomp-version-0-65 2025-08-29 v3.1.11a (3.1.11a)
\pgf@nodesepstart=\dimen278
\pgf@nodesepend=\dimen279
)
(C:\Users\Gabriele_user\AppData\Local\Programs\MiKTeX\tex/latex/pgf/compatibili
ty\pgfcomp-version-1-18.sty
Package: pgfcomp-version-1-18 2025-08-29 v3.1.11a (3.1.11a)
))
(C:\Users\Gabriele_user\AppData\Local\Programs\MiKTeX\tex/latex/pgf/utilities\p
gffor.sty
(C:\Users\Gabriele_user\AppData\Local\Programs\MiKTeX\tex/latex/pgf/utilities\p
gfkeys.sty
(C:\Users\Gabriele_user\AppData\Local\Programs\MiKTeX\tex/generic/pgf/utilities
\pgfkeys.code.tex))
(C:\Users\Gabriele_user\AppData\Local\Programs\MiKTeX\tex/latex/pgf/math\pgfmat
h.sty
(C:\Users\Gabriele_user\AppData\Local\Programs\MiKTeX\tex/generic/pgf/math\pgfm
ath.code.tex))
(C:\Users\Gabriele_user\AppData\Local\Programs\MiKTeX\tex/generic/pgf/utilities
\pgffor.code.tex
Package: pgffor 2025-08-29 v3.1.11a (3.1.11a)
\pgffor@iter=\dimen280
\pgffor@skip=\dimen281
\pgffor@stack=\toks36
\pgffor@toks=\toks37
))
(C:\Users\Gabriele_user\AppData\Local\Programs\MiKTeX\tex/generic/pgf/frontendl
ayer/tikz\tikz.code.tex
Package: tikz 2025-08-29 v3.1.11a (3.1.11a)

(C:\Users\Gabriele_user\AppData\Local\Programs\MiKTeX\tex/generic/pgf/libraries
\pgflibraryplothandlers.code.tex
File: pgflibraryplothandlers.code.tex 2025-08-29 v3.1.11a (3.1.11a)
\pgf@plot@mark@count=\count334
\pgfplotmarksize=\dimen282
)
\tikz@lastx=\dimen283
\tikz@lasty=\dimen284
\tikz@lastxsaved=\dimen285
\tikz@lastysaved=\dimen286
\tikz@lastmovetox=\dimen287
\tikz@lastmovetoy=\dimen288
\tikzleveldistance=\dimen289
\tikzsiblingdistance=\dimen290
\tikz@figbox=\box69
\tikz@figbox@bg=\box70
\tikz@tempbox=\box71
\tikz@tempbox@bg=\box72
\tikztreelevel=\count335
\tikznumberofchildren=\count336
\tikznumberofcurrentchild=\count337
\tikz@fig@count=\count338

(C:\Users\Gabriele_user\AppData\Local\Programs\MiKTeX\tex/generic/pgf/modules\p
gfmodulematrix.code.tex
File: pgfmodulematrix.code.tex 2025-08-29 v3.1.11a (3.1.11a)
\pgfmatrixcurrentrow=\count339
\pgfmatrixcurrentcolumn=\count340
\pgf@matrix@numberofcolumns=\count341
)
\tikz@expandcount=\count342

(C:\Users\Gabriele_user\AppData\Local\Programs\MiKTeX\tex/generic/pgf/frontendl
ayer/tikz/libraries\tikzlibrarytopaths.code.tex
File: tikzlibrarytopaths.code.tex 2025-08-29 v3.1.11a (3.1.11a)
)))
(C:\Users\Gabriele_user\AppData\Local\Programs\MiKTeX\tex/latex/enumitem\enumit
em.sty
Package: enumitem 2025/02/06 v3.11 Customized lists
\labelindent=\skip76
\enit@outerparindent=\dimen291
\enit@toks=\toks38
\enit@inbox=\box73
\enit@count@id=\count343
\enitdp@description=\count344
)
(C:\Users\Gabriele_user\AppData\Local\Programs\MiKTeX\tex/latex/inconsolata\inc
onsolata.sty
Package: inconsolata 2019/05/17 v1.12

`inconsolata-zi4' v1.12, 2019/05/17 Text macros for Inconsolata (msharpe)
(C:\Users\Gabriele_user\AppData\Local\Programs\MiKTeX\tex/latex/base\textcomp.s
ty
Package: textcomp 2024/04/24 v2.1b Standard LaTeX package
)
(C:\Users\Gabriele_user\AppData\Local\Programs\MiKTeX\tex/latex/xkeyval\xkeyval
.sty
Package: xkeyval 2022/06/16 v2.9 package option processing (HA)

(C:\Users\Gabriele_user\AppData\Local\Programs\MiKTeX\tex/generic/xkeyval\xkeyv
al.tex
(C:\Users\Gabriele_user\AppData\Local\Programs\MiKTeX\tex/generic/xkeyval\xkvut
ils.tex
\XKV@toks=\toks39
\XKV@tempa@toks=\toks40
)
\XKV@depth=\count345
File: xkeyval.tex 2014/12/03 v2.7a key=value parser (HA)
))
\zifour@ocount=\count346
)
Class scrbook Info: loading recommended package `bookmark'.
(scrbook)           Using `bookmark' together with `hyperref' is recommended,
(scrbook)           because of handling of possible bookmark level gaps.
(scrbook)           You can avoid loading `bookmark' with KOMA-Script option
(scrbook)           `bookmarkpackage=false' before \begin{document} and
(scrbook)           you can avoid this message adding:
(scrbook)             \usepackage{bookmark}
(scrbook)           before \begin{document} on input line 27.

(C:\Users\Gabriele_user\AppData\Local\Programs\MiKTeX\tex/latex/bookmark\bookma
rk.sty
Package: bookmark 2023-12-10 v1.31 PDF bookmarks (HO)

(C:\Users\Gabriele_user\AppData\Local\Programs\MiKTeX\tex/latex/bookmark\bkm-pd
ftex.def
File: bkm-pdftex.def 2023-12-10 v1.31 bookmark driver for pdfTeX and luaTeX (HO
)
\BKM@id=\count347
))
(C:\Users\Gabriele_user\AppData\Local\Programs\MiKTeX\tex/latex/l3backend\l3bac
kend-pdftex.def
File: l3backend-pdftex.def 2025-10-09 L3 backend support: PDF output (pdfTeX)
\l__color_backend_stack_int=\count348
) (JavaScript 2.aux)
\openout1 = `"JavaScript 2.aux"'.

LaTeX Font Info:    Checking defaults for OML/cmm/m/it on input line 27.
LaTeX Font Info:    ... okay on input line 27.
LaTeX Font Info:    Checking defaults for OMS/cmsy/m/n on input line 27.
LaTeX Font Info:    ... okay on input line 27.
LaTeX Font Info:    Checking defaults for OT1/cmr/m/n on input line 27.
LaTeX Font Info:    ... okay on input line 27.
LaTeX Font Info:    Checking defaults for T1/cmr/m/n on input line 27.
LaTeX Font Info:    ... okay on input line 27.
LaTeX Font Info:    Checking defaults for TS1/cmr/m/n on input line 27.
LaTeX Font Info:    ... okay on input line 27.
LaTeX Font Info:    Checking defaults for OMX/cmex/m/n on input line 27.
LaTeX Font Info:    ... okay on input line 27.
LaTeX Font Info:    Checking defaults for U/cmr/m/n on input line 27.
LaTeX Font Info:    ... okay on input line 27.
LaTeX Font Info:    Checking defaults for PD1/pdf/m/n on input line 27.
LaTeX Font Info:    ... okay on input line 27.
LaTeX Font Info:    Checking defaults for PU/pdf/m/n on input line 27.
LaTeX Font Info:    ... okay on input line 27.
Package scrbase Info: activating english \partname on input line 27.
Package scrbase Info: activating english \chaptername on input line 27.
Package scrbase Info: activating english \appendixname on input line 27.
Package scrbase Info: activating english \figurename on input line 27.
Package scrbase Info: activating english \tablename on input line 27.
Package scrbase Info: activating english \contentsname on input line 27.
Package scrbase Info: activating english \listfigurename on input line 27.
Package scrbase Info: activating english \listtablename on input line 27.
Package scrbase Info: activating english \bibname on input line 27.
Package scrbase Info: activating english \indexname on input line 27.

(C:\Users\Gabriele_user\AppData\Local\Programs\MiKTeX\tex/context/base/mkii\sup
p-pdf.mkii
[Loading MPS to PDF converter (version 2006.09.02).]
\scratchcounter=\count349
\scratchdimen=\dimen292
\scratchbox=\box74
\nofMPsegments=\count350
\nofMParguments=\count351
\everyMPshowfont=\toks41
\MPscratchCnt=\count352
\MPscratchDim=\dimen293
\MPnumerator=\count353
\makeMPintoPDFobject=\count354
\everyMPtoPDFconversion=\toks42
)
(C:\Users\Gabriele_user\AppData\Local\Programs\MiKTeX\tex/latex/epstopdf-pkg\ep
stopdf-base.sty
Package: epstopdf-base 2020-01-24 v2.11 Base part for package epstopdf
Package epstopdf-base Info: Redefining graphics rule for `.eps' on input line 4
85.

(C:\Users\Gabriele_user\AppData\Local\Programs\MiKTeX\tex/latex/00miktex\epstop
df-sys.cfg
File: epstopdf-sys.cfg 2021/03/18 v2.0 Configuration of epstopdf for MiKTeX
))
Package hyperref Info: Link coloring OFF on input line 27.
\c@lstlisting=\count355
Package tocbasic Info: omitting babel extension for `lol'
(tocbasic)             because of missing \bbl@set@language on input line 27.
\scr@dte@lstlisting@maxnumwidth=\skip77

(C:\Users\Gabriele_user\AppData\Local\Programs\MiKTeX\tex/latex/upquote\upquote
.sty
Package: upquote 2012/04/19 v1.3 upright-quote and grave-accent glyphs in verba
tim
) [1



{C:/Users/Gabriele_user/AppData/Local/MiKTeX/fonts/map/pdftex/pdftex.map}]
LaTeX Font Info:    Trying to load font information for OT1+zi4 on input line 3
6.

(C:\Users\Gabriele_user\AppData\Local\Programs\MiKTeX\tex/latex/inconsolata\ot1
zi4.fd
File: ot1zi4.fd 2018/01/14 OT1/zi4 (Inconsolata)
)
LaTeX Font Info:    Font shape `OT1/zi4/m/n' will be
(Font)              scaled to size 10.95pt on input line 36.

Overfull \hbox (10.95003pt too wide) in paragraph at lines 39--42
[][]
 []

[2{C:/Users/Gabriele_user/AppData/Local/Programs/MiKTeX/fonts/enc/dvips/inconso
lata/i4-ot1-0.enc}] (JavaScript 2.toc
LaTeX Font Info:    Font shape `OT1/zi4/m/n' will be
(Font)              scaled to size 10.0pt on input line 2.
 [3



] [4])
\tf@toc=\write4
\openout4 = `"JavaScript 2.toc"'.

 [5] [6


]
chapter 1.

Underfull \hbox (badness 10000) in paragraph at lines 49--50

 []

LaTeX Font Info:    Font shape `OT1/zi4/b/n' will be
(Font)              scaled to size 14.4pt on input line 53.
LaTeX Font Info:    Font shape `OT1/zi4/b/n' will be
(Font)              scaled to size 10.0pt on input line 62.

Underfull \hbox (badness 10000) in paragraph at lines 86--87

 []

[7]
Overfull \hbox (34.74432pt too wide) in paragraph at lines 91--92
[][][][][][][][][][][][][][][][][][][][][][][][][][][][][][][][] 
 []

[8]
Overfull \hbox (1.92859pt too wide) in paragraph at lines 185--187
[]\OT1/cmr/bx/n/10 Important: \OT1/cmr/m/n/10 Both paradigms can be memory-effi
cient if used cor-rectly. How-ever, in JavaScript: 
 []

[9] [10] [11] [12


]
chapter 2.

Underfull \hbox (badness 10000) in paragraph at lines 279--280

 []


Underfull \hbox (badness 10000) in paragraph at lines 309--310

 []

<Images/Prototype chain.png, id=296, 992.20688pt x 179.92218pt>
File: Images/Prototype chain.png Graphic file (type png)
<use Images/Prototype chain.png>
Package pdftex.def Info: Images/Prototype chain.png  used on input line 313.
(pdftex.def)             Requested size: 418.25555pt x 75.84407pt.
[13]
Overfull \hbox (16.83891pt too wide) in paragraph at lines 326--327
[]\OT1/cmr/m/n/10 It tem-porar-ily wraps the prim-i-tive value in a cor-re-spon
d-ing ob-ject (e.g., \OT1/zi4/m/n/10 new String("value")\OT1/cmr/m/n/10 ). 
 []

[14 <./Images/Prototype chain.png>]
chapter 3.

Underfull \hbox (badness 10000) in paragraph at lines 346--347

 []


Underfull \hbox (badness 10000) in paragraph at lines 348--349

 []


Underfull \hbox (badness 10000) in paragraph at lines 371--372

 []


Underfull \hbox (badness 10000) in paragraph at lines 373--374

 []

[15


]
Underfull \hbox (badness 10000) in paragraph at lines 407--407
[]|\OT1/cmr/bx/n/10 Relationship
 []


Underfull \hbox (badness 10000) in paragraph at lines 409--409
[]|\OT1/cmr/m/n/10 High ef-fi-ciency; cre-ates a
 []


Underfull \hbox (badness 10000) in paragraph at lines 409--409
\OT1/cmr/m/n/10 lightweight ref-er-ence to the
 []


Underfull \hbox (badness 10000) in paragraph at lines 411--411
[]|\OT1/cmr/bx/n/10 Primary Use
 []


Underfull \hbox (badness 10000) in paragraph at lines 419--420

 []


Underfull \vbox (badness 1571) has occurred while \output is active []

 [16]
[17] [18


]
chapter 4.
[19]
Underfull \hbox (badness 10000) in paragraph at lines 544--545

 []

[20] [21] [22


]
chapter 5.

Underfull \hbox (badness 10000) in paragraph at lines 550--551

 []

LaTeX Font Info:    Trying to load font information for TS1+zi4 on input line 5
60.

(C:\Users\Gabriele_user\AppData\Local\Programs\MiKTeX\tex/latex/inconsolata\ts1
zi4.fd
File: ts1zi4.fd 2018/01/14 TS1/zi4 (Inconsolata)
)
LaTeX Font Info:    Font shape `TS1/zi4/m/n' will be
(Font)              scaled to size 10.0pt on input line 560.

Overfull \hbox (14.74432pt too wide) in paragraph at lines 589--590
[][][][][][][][][][][][][][][][][][][][][][][][][][][][][][][][] 
 []


Underfull \hbox (badness 10000) in paragraph at lines 593--594

 []

[23{C:/Users/Gabriele_user/AppData/Local/Programs/MiKTeX/fonts/enc/dvips/incons
olata/i4-ts1.enc}] [24]
chapter 6.
[25


] [26]
<Images/Function execution 1.png, id=483, 716.6775pt x 385.44pt>
File: Images/Function execution 1.png Graphic file (type png)
<use Images/Function execution 1.png>
Package pdftex.def Info: Images/Function execution 1.png  used on input line 71
0.
(pdftex.def)             Requested size: 209.12778pt x 112.46873pt.
<Images/Function execution 2.png, id=484, 952.7595pt x 365.56575pt>
File: Images/Function execution 2.png Graphic file (type png)
<use Images/Function execution 2.png>
Package pdftex.def Info: Images/Function execution 2.png  used on input line 71
7.
(pdftex.def)             Requested size: 418.25555pt x 160.48126pt.
 [27 <./Images/Function execution 1.png> <./Images/Function execution 2.png>]
LaTeX Info: Symbol \textrightarrow not provided by
            font family zi4 in TS1 encoding.
            Default family used instead on input line 760.
LaTeX Info: Symbol \textrightarrow not provided by
            font family zi4 in TS1 encoding.
            Default family used instead on input line 762.
LaTeX Info: Symbol \textrightarrow not provided by
            font family zi4 in TS1 encoding.
            Default family used instead on input line 764.
 [28] [29] [30


]
chapter 7.
<Images/JS_runtime_environment.png, id=536, 1156.32pt x 722.7pt>
File: Images/JS_runtime_environment.png Graphic file (type png)
<use Images/JS_runtime_environment.png>
Package pdftex.def Info: Images/JS_runtime_environment.png  used on input line 
840.
(pdftex.def)             Requested size: 418.25555pt x 261.40688pt.
[31]
Underfull \hbox (badness 10000) in paragraph at lines 888--889

 []

<Images/Syncronous code execution cut.png, id=544, 1081.641pt x 240.29774pt>
File: Images/Syncronous code execution cut.png Graphic file (type png)
<use Images/Syncronous code execution cut.png>
Package pdftex.def Info: Images/Syncronous code execution cut.png  used on inpu
t line 894.
(pdftex.def)             Requested size: 418.25555pt x 92.92007pt.
[32 <./Images/JS_runtime_environment.png>]
Underfull \hbox (badness 10000) in paragraph at lines 914--915

 []

[33 <./Images/Syncronous code execution cut.png>]
Underfull \hbox (badness 10000) in paragraph at lines 941--942

 []


Underfull \hbox (badness 10000) in paragraph at lines 943--944

 []


Underfull \hbox (badness 10000) in paragraph at lines 945--946

 []

<Images/Macrotask execution.png, id=575, 952.7595pt x 436.63126pt>
File: Images/Macrotask execution.png Graphic file (type png)
<use Images/Macrotask execution.png>
Package pdftex.def Info: Images/Macrotask execution.png  used on input line 953
.
(pdftex.def)             Requested size: 418.25555pt x 191.67862pt.

Underfull \hbox (badness 10000) in paragraph at lines 958--959

 []


Underfull \hbox (badness 10000) in paragraph at lines 960--961

 []

[34]
Underfull \hbox (badness 10000) in paragraph at lines 994--995

 []

[35 <./Images/Macrotask execution.png>] [36


]
chapter 8.

Overfull \hbox (3.99261pt too wide) in paragraph at lines 1004--1005
\OT1/cmr/bx/n/10 Scope \OT1/cmr/m/n/10 de-fines the con-text that de-ter-mines 
where vari-ables and func-tions are ac-ces-si-ble. JavaScript
 []


Underfull \hbox (badness 10000) in paragraph at lines 1004--1005

 []

[37]
Overfull \hbox (2.37437pt too wide) in paragraph at lines 1062--1063
\OT1/cmr/m/n/10 turns \OT1/zi4/m/n/10 innerFunction\OT1/cmr/m/n/10 , which is a
s-signed to the con-stant \OT1/zi4/m/n/10 myInnerFunction\OT1/cmr/m/n/10 . Be-c
ause \OT1/zi4/m/n/10 innerFunction
 []


Underfull \hbox (badness 10000) in paragraph at lines 1062--1063

 []


Underfull \hbox (badness 10000) in paragraph at lines 1064--1065

 []

[38]
chapter 9.
[39


] [40] [41]
Underfull \hbox (badness 10000) in paragraph at lines 1246--1247

 []


Underfull \hbox (badness 10000) in paragraph at lines 1248--1249

 []

[42] [43] [44


]
chapter 10.

Underfull \hbox (badness 10000) in paragraph at lines 1330--1331

 []


Overfull \hbox (10.90273pt too wide) in paragraph at lines 1332--1333
\OT1/cmr/m/n/10 plex-i-ties of in-stan-ti-a-tion. Un-like class-based lan-guage
s that rely on for-mal ``blueprints,'' JavaScript's
 []


Underfull \hbox (badness 10000) in paragraph at lines 1336--1337

 []


Underfull \hbox (badness 10000) in paragraph at lines 1338--1339

 []

[45]
LaTeX Font Info:    Trying to load font information for OMS+zi4 on input line 1
388.
LaTeX Font Info:    No file OMSzi4.fd. on input line 1388.


LaTeX Font Warning: Font shape `OMS/zi4/m/n' undefined
(Font)              using `OMS/cmsy/m/n' instead
(Font)              for symbol `textbraceleft' on input line 1388.


Underfull \hbox (badness 10000) in paragraph at lines 1388--1389

 []

<Images/Decorator 1.png, id=787, 2680.0125pt x 389.455pt>
File: Images/Decorator 1.png Graphic file (type png)
<use Images/Decorator 1.png>
Package pdftex.def Info: Images/Decorator 1.png  used on input line 1392.
(pdftex.def)             Requested size: 418.25555pt x 60.77493pt.
[46]
Underfull \hbox (badness 10000) in paragraph at lines 1413--1414

 []

<Images/Decorator 2.png, id=812, 2262.4525pt x 451.6875pt>
File: Images/Decorator 2.png Graphic file (type png)
<use Images/Decorator 2.png>
Package pdftex.def Info: Images/Decorator 2.png  used on input line 1417.
(pdftex.def)             Requested size: 418.25555pt x 83.49884pt.

Underfull \hbox (badness 10000) in paragraph at lines 1426--1427

 []


Underfull \hbox (badness 10000) in paragraph at lines 1428--1429

 []

[47 <./Images/Decorator 1.png> <./Images/Decorator 2.png>]
Overfull \hbox (51.70972pt too wide) in paragraph at lines 1445--1446
[]\OT1/cmr/m/n/10 Fails the \OT1/zi4/m/n/10 instanceof \OT1/cmr/m/n/10 test be-
cause \OT1/zi4/m/n/10 Object.getPrototypeOf() \OT1/cmr/m/n/10 re-turns a generi
c \OT1/zi4/m/n/10 Object.prototype\OT1/cmr/m/n/10 ; 
 []


Underfull \hbox (badness 10000) in paragraph at lines 1474--1475

 []

<Images/Functional classes.png, id=827, 1466.47874pt x 327.2225pt>
File: Images/Functional classes.png Graphic file (type png)
<use Images/Functional classes.png>
Package pdftex.def Info: Images/Functional classes.png  used on input line 1478
.
(pdftex.def)             Requested size: 418.25555pt x 93.32428pt.

Underfull \hbox (badness 10000) in paragraph at lines 1485--1486

 []

[48]
Underfull \hbox (badness 10000) in paragraph at lines 1523--1524

 []

<Images/Functional shared pattern.png, id=845, 2299.59125pt x 389.455pt>
File: Images/Functional shared pattern.png Graphic file (type png)
<use Images/Functional shared pattern.png>
Package pdftex.def Info: Images/Functional shared pattern.png  used on input li
ne 1527.
(pdftex.def)             Requested size: 418.25555pt x 70.83575pt.

Underfull \hbox (badness 10000) in paragraph at lines 1532--1533

 []

[49 <./Images/Functional classes.png>] [50 <./Images/Functional shared pattern.
png>]
Underfull \hbox (badness 10000) in paragraph at lines 1581--1582

 []

<Images/Hybrid pattern.png, id=905, 2374.8725pt x 907.39pt>
File: Images/Hybrid pattern.png Graphic file (type png)
<use Images/Hybrid pattern.png>
Package pdftex.def Info: Images/Hybrid pattern.png  used on input line 1587.
(pdftex.def)             Requested size: 418.25555pt x 159.80635pt.

Overfull \hbox (11.16144pt too wide) in paragraph at lines 1594--1595
\OT1/cmr/m/n/10 men-ta-tion uses \OT1/zi4/m/n/10 Object.create(prototypeObject)
 \OT1/cmr/m/n/10 to link the new in-stance's in-ter-nal \OT1/zi4/m/n/10 [[Proto
type]]
 []


Underfull \hbox (badness 10000) in paragraph at lines 1594--1595

 []

[51 <./Images/Hybrid pattern.png>]
Underfull \hbox (badness 10000) in paragraph at lines 1645--1646

 []


Underfull \hbox (badness 10000) in paragraph at lines 1647--1648

 []

<Images/Prototypal classes.png, id=926, 1526.70375pt x 916.42375pt>
File: Images/Prototypal classes.png Graphic file (type png)
<use Images/Prototypal classes.png>
Package pdftex.def Info: Images/Prototypal classes.png  used on input line 1651
.
(pdftex.def)             Requested size: 209.12778pt x 125.52972pt.
[52]
<Images/Prototypal classes official.png, id=953, 1526.70375pt x 991.705pt>
File: Images/Prototypal classes official.png Graphic file (type png)
<use Images/Prototypal classes official.png>
Package pdftex.def Info: Images/Prototypal classes official.png  used on input 
line 1687.
(pdftex.def)             Requested size: 209.12778pt x 135.84158pt.

Underfull \hbox (badness 10000) in paragraph at lines 1694--1695

 []

[53 <./Images/Prototypal classes.png>]
Underfull \hbox (badness 10000) in paragraph at lines 1705--1706

 []

[54 <./Images/Prototypal classes official.png>]
Underfull \hbox (badness 10000) in paragraph at lines 1747--1748

 []


Underfull \hbox (badness 10000) in paragraph at lines 1780--1781

 []

[55]
<Images/Superclasses and subclasses.png, id=1025, 1589.94pt x 1383.1675pt>
File: Images/Superclasses and subclasses.png Graphic file (type png)
<use Images/Superclasses and subclasses.png>
Package pdftex.def Info: Images/Superclasses and subclasses.png  used on input 
line 1810.
(pdftex.def)             Requested size: 209.12778pt x 181.92862pt.

Underfull \hbox (badness 10000) in paragraph at lines 1817--1818

 []


Underfull \vbox (badness 10000) has occurred while \output is active []

 [56 <./Images/Superclasses and subclasses.png>] [57]
Underfull \hbox (badness 10000) in paragraph at lines 1883--1884

 []


Underfull \hbox (badness 10000) in paragraph at lines 1885--1886

 []

<Images/Pseudoclassical subclasses 1.png, id=1083, 1563.8425pt x 1520.68124pt>
File: Images/Pseudoclassical subclasses 1.png Graphic file (type png)
<use Images/Pseudoclassical subclasses 1.png>
Package pdftex.def Info: Images/Pseudoclassical subclasses 1.png  used on input
 line 1889.
(pdftex.def)             Requested size: 209.12778pt x 203.35721pt.

Overfull \hbox (13.21721pt too wide) in paragraph at lines 1896--1897
\OT1/cmr/m/n/10 We can par-tially ad-dress the prob-lems of the pseu-do-clas-si
-cal pat-tern by us-ing \OT1/zi4/m/n/10 Superclass.call(this
 []

[58 <./Images/Pseudoclassical subclasses 1.png>]
Underfull \hbox (badness 10000) in paragraph at lines 1932--1933

 []


Underfull \hbox (badness 10000) in paragraph at lines 1934--1935

 []


Underfull \hbox (badness 10000) in paragraph at lines 1936--1937

 []

<Images/Pseudoclassical subclasses 2.png, id=1107, 3258.1725pt x 989.6975pt>
File: Images/Pseudoclassical subclasses 2.png Graphic file (type png)
<use Images/Pseudoclassical subclasses 2.png>
Package pdftex.def Info: Images/Pseudoclassical subclasses 2.png  used on input
 line 1942.
(pdftex.def)             Requested size: 418.25555pt x 127.03423pt.
[59] [60 <./Images/Pseudoclassical subclasses 2.png>]
Underfull \hbox (badness 10000) in paragraph at lines 1996--1997

 []


Underfull \hbox (badness 10000) in paragraph at lines 2006--2007

 []

<Images/Pseudoclassical subclasses 3.png, id=1178, 3258.1725pt x 989.6975pt>
File: Images/Pseudoclassical subclasses 3.png Graphic file (type png)
<use Images/Pseudoclassical subclasses 3.png>
Package pdftex.def Info: Images/Pseudoclassical subclasses 3.png  used on input
 line 2010.
(pdftex.def)             Requested size: 418.25555pt x 127.03423pt.

Underfull \hbox (badness 10000) in paragraph at lines 2015--2016

 []

<Images/Pseudoclassical subclasses 4.png, id=1180, 3258.1725pt x 989.6975pt>
File: Images/Pseudoclassical subclasses 4.png Graphic file (type png)
<use Images/Pseudoclassical subclasses 4.png>
Package pdftex.def Info: Images/Pseudoclassical subclasses 4.png  used on input
 line 2021.
(pdftex.def)             Requested size: 418.25555pt x 127.03423pt.

Underfull \hbox (badness 10000) in paragraph at lines 2028--2029

 []

[61 <./Images/Pseudoclassical subclasses 3.png>]
Underfull \hbox (badness 10000) in paragraph at lines 2030--2031

 []


Underfull \hbox (badness 10000) in paragraph at lines 2041--2042

 []

[62 <./Images/Pseudoclassical subclasses 4.png>] [63]
Underfull \hbox (badness 10000) in paragraph at lines 2154--2154
[]|\OT1/cmr/bx/n/6 Memory Ef-fi-
 []


Underfull \hbox (badness 10000) in paragraph at lines 2154--2154
[]|\OT1/cmr/bx/n/6 Inheritance
 []


Underfull \hbox (badness 10000) in paragraph at lines 2154--2154
[]|\OT1/cmr/m/n/6 Functional
 []


Underfull \hbox (badness 10000) in paragraph at lines 2154--2154
[]|\OT1/cmr/m/n/6 Hybrid (Clo-sure
 []


Overfull \hbox (1.72209pt too wide) in paragraph at lines 2164--2165
[]\OT1/cmr/bx/n/10 Use Func-tional Classes: \OT1/cmr/m/n/10 When strong en-cap-
su-la-tion and pri-vate state are non-negotiable
 []

[64] [65] (JavaScript 2.aux)
 ***********
LaTeX2e <2025-11-01>
L3 programming layer <2025-10-24>
 ***********


LaTeX Font Warning: Some font shapes were not available, defaults substituted.

 ) 
Here is how much of TeX's memory you used:
 28879 strings out of 467871
 579629 string characters out of 5414504
 1128173 words of memory out of 5000000
 56467 multiletter control sequences out of 15000+600000
 639013 words of font info for 80 fonts, out of 8000000 for 9000
 1141 hyphenation exceptions out of 8191
 108i,21n,107p,11272b,1991s stack positions out of 10000i,1000n,20000p,200000b,200000s
 <C:\Users\Gabriele_user\AppData\Local\MiKTeX\fonts/pk/ljfour/jknappen/ec/dpi
600\tctt1000.pk> <C:\Users\Gabriele_user\AppData\Local\MiKTeX\fonts/pk/ljfour/j
knappen/ec/dpi600\tcrm1000.pk><C:/Users/Gabriele_user/AppData/Local/Programs/Mi
KTeX/fonts/type1/public/inconsolata/Inconsolata-zi4b.pfb><C:/Users/Gabriele_use
r/AppData/Local/Programs/MiKTeX/fonts/type1/public/inconsolata/Inconsolata-zi4r
.pfb><C:/Users/Gabriele_user/AppData/Local/Programs/MiKTeX/fonts/type1/public/a
msfonts/cm/cmbx10.pfb><C:/Users/Gabriele_user/AppData/Local/Programs/MiKTeX/fon
ts/type1/public/amsfonts/cm/cmbx12.pfb><C:/Users/Gabriele_user/AppData/Local/Pr
ograms/MiKTeX/fonts/type1/public/amsfonts/cm/cmbx6.pfb><C:/Users/Gabriele_user/
AppData/Local/Programs/MiKTeX/fonts/type1/public/amsfonts/cm/cmbxti10.pfb><C:/U
sers/Gabriele_user/AppData/Local/Programs/MiKTeX/fonts/type1/public/amsfonts/cm
/cmmi10.pfb><C:/Users/Gabriele_user/AppData/Local/Programs/MiKTeX/fonts/type1/p
ublic/amsfonts/cm/cmr10.pfb><C:/Users/Gabriele_user/AppData/Local/Programs/MiKT
eX/fonts/type1/public/amsfonts/cm/cmr12.pfb><C:/Users/Gabriele_user/AppData/Loc
al/Programs/MiKTeX/fonts/type1/public/amsfonts/cm/cmr6.pfb><C:/Users/Gabriele_u
ser/AppData/Local/Programs/MiKTeX/fonts/type1/public/amsfonts/cm/cmsl10.pfb><C:
/Users/Gabriele_user/AppData/Local/Programs/MiKTeX/fonts/type1/public/amsfonts/
cm/cmssbx10.pfb><C:/Users/Gabriele_user/AppData/Local/Programs/MiKTeX/fonts/typ
e1/public/amsfonts/cm/cmsy10.pfb><C:/Users/Gabriele_user/AppData/Local/Programs
/MiKTeX/fonts/type1/public/amsfonts/cm/cmti10.pfb>
Output written on "JavaScript 2.pdf" (65 pages, 1203818 bytes).
PDF statistics:
 1785 PDF objects out of 2073 (max. 8388607)
 894 named destinations out of 1000 (max. 500000)
 799 words of extra memory for PDF output out of 10000 (max. 10000000)

