This is pdfTeX, Version 3.141592653-2.6-1.40.27 (MiKTeX 25.4) (preloaded format=pdflatex 2026.4.16)  16 APR 2026 21:19
entering extended mode
 restricted \write18 enabled.
 %&-line parsing enabled.
**./JavaScript.tex
(JavaScript.tex
LaTeX2e <2025-11-01>
L3 programming layer <2025-10-24>

(C:\Users\Gabriele_user\AppData\Local\Programs\MiKTeX\tex/latex/koma-script\scr
book.cls
Document Class: scrbook 2025/09/09 v3.48 KOMA-Script document class (book)

(C:\Users\Gabriele_user\AppData\Local\Programs\MiKTeX\tex/latex/koma-script\scr
kbase.sty
Package: scrkbase 2025/09/09 v3.48 KOMA-Script package (KOMA-Script-dependent b
asics and keyval usage)

(C:\Users\Gabriele_user\AppData\Local\Programs\MiKTeX\tex/latex/koma-script\scr
base.sty
Package: scrbase 2025/09/09 v3.48 KOMA-Script package (KOMA-Script-independent 
basics and keyval usage)

(C:\Users\Gabriele_user\AppData\Local\Programs\MiKTeX\tex/latex/koma-script\scr
lfile.sty
Package: scrlfile 2025/09/09 v3.48 KOMA-Script package (file load hooks)

(C:\Users\Gabriele_user\AppData\Local\Programs\MiKTeX\tex/latex/koma-script\scr
lfile-hook.sty
Package: scrlfile-hook 2025/09/09 v3.48 KOMA-Script package (using LaTeX hooks)


(C:\Users\Gabriele_user\AppData\Local\Programs\MiKTeX\tex/latex/koma-script\scr
logo.sty
Package: scrlogo 2025/09/09 v3.48 KOMA-Script package (logo)
)))
(C:\Users\Gabriele_user\AppData\Local\Programs\MiKTeX\tex/latex/graphics\keyval
.sty
Package: keyval 2022/05/29 v1.15 key=value parser (DPC)
\KV@toks@=\toks17
)
Applying: [2021/05/01] Usage of raw or classic option list on input line 254.
Already applied: [0000/00/00] Usage of raw or classic option list on input line
 370.
))
(C:\Users\Gabriele_user\AppData\Local\Programs\MiKTeX\tex/latex/koma-script\toc
basic.sty
Package: tocbasic 2025/09/09 v3.48 KOMA-Script package (handling toc-files)
\scr@dte@tocline@numberwidth=\skip49
\scr@dte@tocline@numbox=\box53
)
Package tocbasic Info: omitting babel extension for `toc'
(tocbasic)             because of feature `nobabel' available
(tocbasic)             for `toc' on input line 143.
Class scrbook Info: File `scrsize11pt.clo' used instead of
(scrbook)           file `scrsize11.clo' to setup font sizes on input line 2710
.

(C:\Users\Gabriele_user\AppData\Local\Programs\MiKTeX\tex/latex/koma-script\scr
size11pt.clo
File: scrsize11pt.clo 2025/09/09 v3.48 KOMA-Script font size class option (11pt
)
)
(C:\Users\Gabriele_user\AppData\Local\Programs\MiKTeX\tex/latex/koma-script\typ
earea.sty
Package: typearea 2025/09/09 v3.48 KOMA-Script package (type area)
\ta@bcor=\skip50
\ta@div=\count275
\ta@hblk=\skip51
\ta@vblk=\skip52
\ta@temp=\skip53
\footheight=\skip54
Package typearea Info: These are the values describing the layout:
(typearea)             DIV  = 10
(typearea)             BCOR = 0.0pt
(typearea)             \paperwidth      = 597.50793pt
(typearea)              \textwidth      = 418.25555pt
(typearea)              DIV departure   = -6%
(typearea)              \evensidemargin = 47.2316pt
(typearea)              \oddsidemargin  = -12.5192pt
(typearea)             \paperheight     = 845.04694pt
(typearea)              \textheight     = 595.80026pt
(typearea)              \topmargin      = -25.16531pt
(typearea)              \headheight     = 17.0pt
(typearea)              \headsep        = 20.40001pt
(typearea)              \topskip        = 11.0pt
(typearea)              \footskip       = 47.6pt
(typearea)              \baselineskip   = 13.6pt
(typearea)              on input line 1807.
)
\c@part=\count276
\c@chapter=\count277
\c@section=\count278
\c@subsection=\count279
\c@subsubsection=\count280
\c@paragraph=\count281
\c@subparagraph=\count282
\scr@dte@chapter@maxnumwidth=\skip55
Class scrbook Info: using compatibility default `afterindent=bysign'
(scrbook)           for `\chapter on input line 6076.
\scr@dte@section@maxnumwidth=\skip56
Class scrbook Info: using compatibility default `runin=bysign'
(scrbook)           for `\section on input line 6087.
Class scrbook Info: using compatibility default `afterindent=bysign'
(scrbook)           for `\section on input line 6087.
\scr@dte@part@maxnumwidth=\skip57
Class scrbook Info: using compatibility default `afterindent=true'
(scrbook)           for `\part on input line 6096.
\scr@dte@subsection@maxnumwidth=\skip58
Class scrbook Info: using compatibility default `runin=bysign'
(scrbook)           for `\subsection on input line 6106.
Class scrbook Info: using compatibility default `afterindent=bysign'
(scrbook)           for `\subsection on input line 6106.
\scr@dte@subsubsection@maxnumwidth=\skip59
Class scrbook Info: using compatibility default `runin=bysign'
(scrbook)           for `\subsubsection on input line 6116.
Class scrbook Info: using compatibility default `afterindent=bysign'
(scrbook)           for `\subsubsection on input line 6116.
\scr@dte@paragraph@maxnumwidth=\skip60
Class scrbook Info: using compatibility default `runin=bysign'
(scrbook)           for `\paragraph on input line 6127.
Class scrbook Info: using compatibility default `afterindent=bysign'
(scrbook)           for `\paragraph on input line 6127.
\scr@dte@subparagraph@maxnumwidth=\skip61
Class scrbook Info: using compatibility default `runin=bysign'
(scrbook)           for `\subparagraph on input line 6137.
Class scrbook Info: using compatibility default `afterindent=bysign'
(scrbook)           for `\subparagraph on input line 6137.
\abovecaptionskip=\skip62
\belowcaptionskip=\skip63
\c@pti@nb@sid@b@x=\box54
Package tocbasic Info: omitting babel extension for `lof'
(tocbasic)             because of feature `nobabel' available
(tocbasic)             for `lof' on input line 7350.
\scr@dte@figure@maxnumwidth=\skip64
\c@figure=\count283
Package tocbasic Info: omitting babel extension for `lot'
(tocbasic)             because of feature `nobabel' available
(tocbasic)             for `lot' on input line 7363.
\scr@dte@table@maxnumwidth=\skip65
\c@table=\count284
Class scrbook Info: Redefining `\numberline' on input line 7534.
\bibindent=\dimen148
)
(C:\Users\Gabriele_user\AppData\Local\Programs\MiKTeX\tex/latex/graphics\graphi
cx.sty
Package: graphicx 2024/12/31 v1.2e Enhanced LaTeX Graphics (DPC,SPQR)

(C:\Users\Gabriele_user\AppData\Local\Programs\MiKTeX\tex/latex/graphics\graphi
cs.sty
Package: graphics 2024/08/06 v1.4g Standard LaTeX Graphics (DPC,SPQR)

(C:\Users\Gabriele_user\AppData\Local\Programs\MiKTeX\tex/latex/graphics\trig.s
ty
Package: trig 2023/12/02 v1.11 sin cos tan (DPC)
)
(C:\Users\Gabriele_user\AppData\Local\Programs\MiKTeX\tex/latex/graphics-cfg\gr
aphics.cfg
File: graphics.cfg 2016/06/04 v1.11 sample graphics configuration
)
Package graphics Info: Driver file: pdftex.def on input line 106.

(C:\Users\Gabriele_user\AppData\Local\Programs\MiKTeX\tex/latex/graphics-def\pd
ftex.def
File: pdftex.def 2025/09/29 v1.2d Graphics/color driver for pdftex
))
\Gin@req@height=\dimen149
\Gin@req@width=\dimen150
)
(C:\Users\Gabriele_user\AppData\Local\Programs\MiKTeX\tex/latex/tools\tabularx.
sty
Package: tabularx 2023/12/11 v2.12a `tabularx' package (DPC)

(C:\Users\Gabriele_user\AppData\Local\Programs\MiKTeX\tex/latex/tools\array.sty
Package: array 2025/09/25 v2.6n Tabular extension package (FMi)
\col@sep=\dimen151
\ar@mcellbox=\box55
\extrarowheight=\dimen152
\NC@list=\toks18
\extratabsurround=\skip66
\backup@length=\skip67
\ar@cellbox=\box56
)
\TX@col@width=\dimen153
\TX@old@table=\dimen154
\TX@old@col=\dimen155
\TX@target=\dimen156
\TX@delta=\dimen157
\TX@cols=\count285
\TX@ftn=\toks19
)
(C:\Users\Gabriele_user\AppData\Local\Programs\MiKTeX\tex/latex/koma-script\scr
layer-scrpage.sty
Package: scrlayer-scrpage 2025/09/09 v3.48 KOMA-Script package (end user interf
ace for scrlayer)

(C:\Users\Gabriele_user\AppData\Local\Programs\MiKTeX\tex/latex/koma-script\scr
layer.sty
Package: scrlayer 2025/09/09 v3.48 KOMA-Script package (defining layers and pag
e styles)
Package scrlayer Info: patching LaTeX kernel macro \pagestyle on input line 217
9.
)
Package scrlayer-scrpage Info: Makeing stand-alone element `pagehead' from
(scrlayer-scrpage)             alias to `pageheadfoot' on input line 1106.
)
(C:\Users\Gabriele_user\AppData\Local\Programs\MiKTeX\tex/latex/url\url.sty
\Urlmuskip=\muskip17
Package: url 2013/09/16  ver 3.4  Verb mode for urls, etc.
)
(C:\Users\Gabriele_user\AppData\Local\Programs\MiKTeX\tex/latex/hyperref\hyperr
ef.sty
Package: hyperref 2025-07-12 v7.01o Hypertext links for LaTeX

(C:\Users\Gabriele_user\AppData\Local\Programs\MiKTeX\tex/generic/iftex\iftex.s
ty
Package: iftex 2024/12/12 v1.0g TeX engine tests
)
(C:\Users\Gabriele_user\AppData\Local\Programs\MiKTeX\tex/latex/kvsetkeys\kvset
keys.sty
Package: kvsetkeys 2022-10-05 v1.19 Key value parser (HO)
)
(C:\Users\Gabriele_user\AppData\Local\Programs\MiKTeX\tex/generic/kvdefinekeys\
kvdefinekeys.sty
Package: kvdefinekeys 2019-12-19 v1.6 Define keys (HO)
)
(C:\Users\Gabriele_user\AppData\Local\Programs\MiKTeX\tex/generic/pdfescape\pdf
escape.sty
Package: pdfescape 2019/12/09 v1.15 Implements pdfTeX's escape features (HO)

(C:\Users\Gabriele_user\AppData\Local\Programs\MiKTeX\tex/generic/ltxcmds\ltxcm
ds.sty
Package: ltxcmds 2023-12-04 v1.26 LaTeX kernel commands for general use (HO)
)
(C:\Users\Gabriele_user\AppData\Local\Programs\MiKTeX\tex/generic/pdftexcmds\pd
ftexcmds.sty
Package: pdftexcmds 2020-06-27 v0.33 Utility functions of pdfTeX for LuaTeX (HO
)

(C:\Users\Gabriele_user\AppData\Local\Programs\MiKTeX\tex/generic/infwarerr\inf
warerr.sty
Package: infwarerr 2019/12/03 v1.5 Providing info/warning/error messages (HO)
)
Package pdftexcmds Info: \pdf@primitive is available.
Package pdftexcmds Info: \pdf@ifprimitive is available.
Package pdftexcmds Info: \pdfdraftmode found.
))
(C:\Users\Gabriele_user\AppData\Local\Programs\MiKTeX\tex/latex/hycolor\hycolor
.sty
Package: hycolor 2020-01-27 v1.10 Color options for hyperref/bookmark (HO)
)
(C:\Users\Gabriele_user\AppData\Local\Programs\MiKTeX\tex/latex/hyperref\namere
f.sty
Package: nameref 2025-06-21 v2.57 Cross-referencing by name of section

(C:\Users\Gabriele_user\AppData\Local\Programs\MiKTeX\tex/latex/refcount\refcou
nt.sty
Package: refcount 2019/12/15 v3.6 Data extraction from label references (HO)
)
(C:\Users\Gabriele_user\AppData\Local\Programs\MiKTeX\tex/generic/gettitlestrin
g\gettitlestring.sty
Package: gettitlestring 2019/12/15 v1.6 Cleanup title references (HO)

(C:\Users\Gabriele_user\AppData\Local\Programs\MiKTeX\tex/latex/kvoptions\kvopt
ions.sty
Package: kvoptions 2022-06-15 v3.15 Key value format for package options (HO)
))
\c@section@level=\count286
)
(C:\Users\Gabriele_user\AppData\Local\Programs\MiKTeX\tex/latex/etoolbox\etoolb
ox.sty
Package: etoolbox 2025/10/02 v2.5m e-TeX tools for LaTeX (JAW)
\etb@tempcnta=\count287
)
(C:\Users\Gabriele_user\AppData\Local\Programs\MiKTeX\tex/generic/stringenc\str
ingenc.sty
Package: stringenc 2019/11/29 v1.12 Convert strings between diff. encodings (HO
)
)
\@linkdim=\dimen158
\Hy@linkcounter=\count288
\Hy@pagecounter=\count289

(C:\Users\Gabriele_user\AppData\Local\Programs\MiKTeX\tex/latex/hyperref\pd1enc
.def
File: pd1enc.def 2025-07-12 v7.01o Hyperref: PDFDocEncoding definition (HO)
Now handling font encoding PD1 ...
... no UTF-8 mapping file for font encoding PD1
)
(C:\Users\Gabriele_user\AppData\Local\Programs\MiKTeX\tex/generic/intcalc\intca
lc.sty
Package: intcalc 2019/12/15 v1.3 Expandable calculations with integers (HO)
)
\Hy@SavedSpaceFactor=\count290

(C:\Users\Gabriele_user\AppData\Local\Programs\MiKTeX\tex/latex/hyperref\puenc.
def
File: puenc.def 2025-07-12 v7.01o Hyperref: PDF Unicode definition (HO)
Now handling font encoding PU ...
... no UTF-8 mapping file for font encoding PU
)
Package hyperref Info: Hyper figures OFF on input line 4195.
Package hyperref Info: Link nesting OFF on input line 4200.
Package hyperref Info: Hyper index ON on input line 4203.
Package hyperref Info: Plain pages OFF on input line 4210.
Package hyperref Info: Backreferencing OFF on input line 4215.
Package hyperref Info: Implicit mode ON; LaTeX internals redefined.
Package hyperref Info: Bookmarks ON on input line 4462.
\c@Hy@tempcnt=\count291
LaTeX Info: Redefining \url on input line 4801.
\XeTeXLinkMargin=\dimen159

(C:\Users\Gabriele_user\AppData\Local\Programs\MiKTeX\tex/generic/bitset\bitset
.sty
Package: bitset 2019/12/09 v1.3 Handle bit-vector datatype (HO)

(C:\Users\Gabriele_user\AppData\Local\Programs\MiKTeX\tex/generic/bigintcalc\bi
gintcalc.sty
Package: bigintcalc 2019/12/15 v1.5 Expandable calculations on big integers (HO
)
))
\Fld@menulength=\count292
\Field@Width=\dimen160
\Fld@charsize=\dimen161
Package hyperref Info: Hyper figures OFF on input line 6078.
Package hyperref Info: Link nesting OFF on input line 6083.
Package hyperref Info: Hyper index ON on input line 6086.
Package hyperref Info: backreferencing OFF on input line 6093.
Package hyperref Info: Link coloring OFF on input line 6098.
Package hyperref Info: Link coloring with OCG OFF on input line 6103.
Package hyperref Info: PDF/A mode OFF on input line 6108.
\Hy@abspage=\count293
\c@Item=\count294
\c@Hfootnote=\count295
)
Package hyperref Info: Driver (autodetected): hpdftex.

(C:\Users\Gabriele_user\AppData\Local\Programs\MiKTeX\tex/latex/hyperref\hpdfte
x.def
File: hpdftex.def 2025-07-12 v7.01o Hyperref driver for pdfTeX
\Fld@listcount=\count296
\c@bookmark@seq@number=\count297

(C:\Users\Gabriele_user\AppData\Local\Programs\MiKTeX\tex/latex/rerunfilecheck\
rerunfilecheck.sty
Package: rerunfilecheck 2025-06-21 v1.11 Rerun checks for auxiliary files (HO)

(C:\Users\Gabriele_user\AppData\Local\Programs\MiKTeX\tex/generic/uniquecounter
\uniquecounter.sty
Package: uniquecounter 2019/12/15 v1.4 Provide unlimited unique counter (HO)
)
Package uniquecounter Info: New unique counter `rerunfilecheck' on input line 2
84.
)
\Hy@SectionHShift=\skip68
)
(C:\Users\Gabriele_user\AppData\Local\Programs\MiKTeX\tex/latex/listings\listin
gs.sty \lstset,
\lst@mode=\count298
 
new hook `InitVars',

new hook `EndGroup',

new hook `ExitVars',

new hook `ModeTrue',

new hook `EOL',
\lst@gtempboxa=\box57
\lst@token=\toks20
\lst@length=\count299

new hook `InitVarsBOL',
\lst@currlwidth=\dimen162
\lst@column=\count300
\lst@pos=\count301
\lst@lostspace=\dimen163
\lst@width=\dimen164
basewidth, 
new hook `FontAdjust',
fontadjust, 
new hook `PostOutput',

new hook `OutputBox',

new hook `InitBOL',
columns, flexiblecolumns,
\lst@newlines=\count302
 
new hook `OnNewLine',
emptylines, 
new hook `OnEmptyLine',
identifierstyle, 
new hook `EmptyStyle',

new hook `OutputOther',

new hook `Output',
tabsize, showtabs, tab, showspaces, keepspaces, 
new hook `Init',
formfeed, upquote, SelectCharTable, MoreSelectCharTable,

new hook `SetLanguage',
extendedchars, useoutput, rescanchars, alsoletter, alsodigit, alsoother,

new hook `SelectCharTable',
excludedelims, delim, moredelim, deletedelim, literate, basicstyle,
inputencoding, multicols, 
new hook `EveryLine',
\lst@lineno=\count303
print, firstline, lastline, 
new hook `PreSet',
nolol, linerange, consecutivenumbers, rangeprefix, rangesuffix,
rangebeginprefix, rangebeginsuffix, rangeendprefix, rangeendsuffix,
includerangemarker, 
new hook `DeInit',
captionpos, abovecaptionskip, belowcaptionskip, label, title, caption,

new hook `TextStyle',
\lstlistingname, \lstlistingnamestyle, numberbychapter, boxpos, float,
floatplacement, aboveskip, belowskip, everydisplay, 
new hook `DisplayStyle',

new hook `PreInit',

new hook `EveryPar',
showlines,
\lst@maxwidth=\dimen165
 
new hook `InitVarsEOL',
gobble, name, \lstlistlistingname, \lstlistoflistings, inputpath,
\lstnewenvironment, fancyvrb,
(C:\Users\Gabriele_user\AppData\Local\Programs\MiKTeX\tex/latex/listings\lstpat
ch.sty
File: lstpatch.sty 2025/10/06 1.11 (Carsten Heinz)
)
(C:\Users\Gabriele_user\AppData\Local\Programs\MiKTeX\tex/latex/listings\lstmis
c.sty
File: lstmisc.sty 2025/10/06 1.11 (Carsten Heinz)
 
Define lst-aspect `strings': string, morestring, deletestring, stringstyle,
showstringspaces, 
new hook `ExcludeDelims',

Allocs: none

Define lst-aspect `comments': comment, morecomment, deletecomment,
commentstyle, 
new hook `AfterBeginComment',

Allocs: none

Define lst-aspect `escape': texcl, escapebegin, escapeend, escapechar,
escapeinside, mathescape, 
Allocs: none

Define lst-aspect `keywords': sensitive, 
new hook `TrackKeywords',

new hook `PostTrackKeywords',

new hook `DetectKeywords',
classoffset, keywords, morekeywords, deletekeywords, keywordstyle,
keywordstyle, ndkeywords, morendkeywords, deletendkeywords, ndkeywordstyle,
keywordsprefix, otherkeywords, 
Allocs: none

Define lst-aspect `emph': emph, moreemph, deleteemph, emphstyle, 
Allocs: none

Define lst-aspect `index': index, moreindex, deleteindex, indexstyle,
\lstindexmacro, 
Allocs: none

Define lst-aspect `style': \lststylefiles, \lstdefinestyle, \lst@definestyle,
style, 
new hook `SetStyle',

Allocs: none

Define lst-aspect `language': \lstlanguagefiles, \lstdefinelanguage,
\lst@definelanguage, language, alsolanguage, \lstalias, defaultdialect,

Allocs: none

Define lst-aspect `labels': numbers, stepnumber, numberfirstline, numberstyle,
numbersep, numberblanklines, firstnumber,
\c@lstnumber=\count304
\lst@skipnumbers=\count305
 
Allocs: 2\count, 

Define lst-aspect `lineshape': xleftmargin, xrightmargin, resetmargins,

new hook `BoxUnsafe',
linewidth, lineskip, breaklines, breakindent, breakautoindent,
breakatwhitespace, prebreak, postbreak, 
Allocs: none

Define lst-aspect `frames': framexleftmargin, framexrightmargin,
framextopmargin, framexbottommargin, backgroundcolor, fillcolor, rulecolor,
rulesepcolor, rulesep, framerule, framesep, frameshape, frameround, frame,
\lst@framebox=\box58


Allocs: 1\box, 
) 
Allocs: 8\count, 4\dimen, 2\box, 1\toks, 

(C:\Users\Gabriele_user\AppData\Local\Programs\MiKTeX\tex/latex/listings\listin
gs.cfg
File: listings.cfg 2025/10/06 1.11 listings configuration
))
Package: listings 2025/10/06 1.11 (Carsten Heinz)

==> First Aid for listings.sty no longer applied!
    Expected:
        2024/09/23 1.10c (Carsten Heinz)
    but found:
        2025/10/06 1.11 (Carsten Heinz)
    so I'm assuming it got fixed.

(C:\Users\Gabriele_user\AppData\Local\Programs\MiKTeX\tex/latex/mathtools\matht
ools.sty
Package: mathtools 2024/10/04 v1.31 mathematical typesetting tools

(C:\Users\Gabriele_user\AppData\Local\Programs\MiKTeX\tex/latex/tools\calc.sty
Package: calc 2025/03/01 v4.3b Infix arithmetic (KKT,FJ)
\calc@Acount=\count306
\calc@Bcount=\count307
\calc@Adimen=\dimen166
\calc@Bdimen=\dimen167
\calc@Askip=\skip69
\calc@Bskip=\skip70
LaTeX Info: Redefining \setlength on input line 86.
LaTeX Info: Redefining \addtolength on input line 87.
\calc@Ccount=\count308
\calc@Cskip=\skip71
)
(C:\Users\Gabriele_user\AppData\Local\Programs\MiKTeX\tex/latex/mathtools\mhset
up.sty
Package: mhsetup 2021/03/18 v1.4 programming setup (MH)
)
(C:\Users\Gabriele_user\AppData\Local\Programs\MiKTeX\tex/latex/amsmath\amsmath
.sty
Package: amsmath 2025/07/09 v2.17z AMS math features
\@mathmargin=\skip72

For additional information on amsmath, use the `?' option.

(C:\Users\Gabriele_user\AppData\Local\Programs\MiKTeX\tex/latex/amsmath\amstext
.sty
Package: amstext 2024/11/17 v2.01 AMS text

(C:\Users\Gabriele_user\AppData\Local\Programs\MiKTeX\tex/latex/amsmath\amsgen.
sty
File: amsgen.sty 1999/11/30 v2.0 generic functions
\@emptytoks=\toks21
\ex@=\dimen168
))
(C:\Users\Gabriele_user\AppData\Local\Programs\MiKTeX\tex/latex/amsmath\amsbsy.
sty
Package: amsbsy 1999/11/29 v1.2d Bold Symbols
\pmbraise@=\dimen169
)
(C:\Users\Gabriele_user\AppData\Local\Programs\MiKTeX\tex/latex/amsmath\amsopn.
sty
Package: amsopn 2022/04/08 v2.04 operator names
)
\inf@bad=\count309
LaTeX Info: Redefining \frac on input line 233.
\uproot@=\count310
\leftroot@=\count311
LaTeX Info: Redefining \overline on input line 398.
LaTeX Info: Redefining \colon on input line 409.
\classnum@=\count312
\DOTSCASE@=\count313
LaTeX Info: Redefining \ldots on input line 495.
LaTeX Info: Redefining \dots on input line 498.
LaTeX Info: Redefining \cdots on input line 619.
\Mathstrutbox@=\box59
\strutbox@=\box60
LaTeX Info: Redefining \big on input line 721.
LaTeX Info: Redefining \Big on input line 722.
LaTeX Info: Redefining \bigg on input line 723.
LaTeX Info: Redefining \Bigg on input line 724.
\big@size=\dimen170
LaTeX Font Info:    Redeclaring font encoding OML on input line 742.
LaTeX Font Info:    Redeclaring font encoding OMS on input line 743.
\macc@depth=\count314
LaTeX Info: Redefining \bmod on input line 904.
LaTeX Info: Redefining \pmod on input line 909.
LaTeX Info: Redefining \smash on input line 939.
LaTeX Info: Redefining \relbar on input line 969.
LaTeX Info: Redefining \Relbar on input line 970.
\c@MaxMatrixCols=\count315
\dotsspace@=\muskip18
\c@parentequation=\count316
\dspbrk@lvl=\count317
\tag@help=\toks22
\row@=\count318
\column@=\count319
\maxfields@=\count320
\andhelp@=\toks23
\eqnshift@=\dimen171
\alignsep@=\dimen172
\tagshift@=\dimen173
\tagwidth@=\dimen174
\totwidth@=\dimen175
\lineht@=\dimen176
\@envbody=\toks24
\multlinegap=\skip73
\multlinetaggap=\skip74
\mathdisplay@stack=\toks25
LaTeX Info: Redefining \[ on input line 2950.
LaTeX Info: Redefining \] on input line 2951.
)
\g_MT_multlinerow_int=\count321
\l_MT_multwidth_dim=\dimen177
\origjot=\skip75
\l_MT_shortvdotswithinadjustabove_dim=\dimen178
\l_MT_shortvdotswithinadjustbelow_dim=\dimen179
\l_MT_above_intertext_sep=\dimen180
\l_MT_below_intertext_sep=\dimen181
\l_MT_above_shortintertext_sep=\dimen182
\l_MT_below_shortintertext_sep=\dimen183
\xmathstrut@box=\box61
\xmathstrut@dim=\dimen184
)
(C:\Users\Gabriele_user\AppData\Local\Programs\MiKTeX\tex/latex/inconsolata\inc
onsolata.sty
Package: inconsolata 2019/05/17 v1.12

`inconsolata-zi4' v1.12, 2019/05/17 Text macros for Inconsolata (msharpe)
(C:\Users\Gabriele_user\AppData\Local\Programs\MiKTeX\tex/latex/base\textcomp.s
ty
Package: textcomp 2024/04/24 v2.1b Standard LaTeX package
)
(C:\Users\Gabriele_user\AppData\Local\Programs\MiKTeX\tex/latex/xkeyval\xkeyval
.sty
Package: xkeyval 2022/06/16 v2.9 package option processing (HA)

(C:\Users\Gabriele_user\AppData\Local\Programs\MiKTeX\tex/generic/xkeyval\xkeyv
al.tex
(C:\Users\Gabriele_user\AppData\Local\Programs\MiKTeX\tex/generic/xkeyval\xkvut
ils.tex
\XKV@toks=\toks26
\XKV@tempa@toks=\toks27
)
\XKV@depth=\count322
File: xkeyval.tex 2014/12/03 v2.7a key=value parser (HA)
))
\zifour@ocount=\count323
)
Class scrbook Info: loading recommended package `bookmark'.
(scrbook)           Using `bookmark' together with `hyperref' is recommended,
(scrbook)           because of handling of possible bookmark level gaps.
(scrbook)           You can avoid loading `bookmark' with KOMA-Script option
(scrbook)           `bookmarkpackage=false' before \begin{document} and
(scrbook)           you can avoid this message adding:
(scrbook)             \usepackage{bookmark}
(scrbook)           before \begin{document} on input line 24.

(C:\Users\Gabriele_user\AppData\Local\Programs\MiKTeX\tex/latex/bookmark\bookma
rk.sty
Package: bookmark 2023-12-10 v1.31 PDF bookmarks (HO)

(C:\Users\Gabriele_user\AppData\Local\Programs\MiKTeX\tex/latex/bookmark\bkm-pd
ftex.def
File: bkm-pdftex.def 2023-12-10 v1.31 bookmark driver for pdfTeX and luaTeX (HO
)
\BKM@id=\count324
))
(C:\Users\Gabriele_user\AppData\Local\Programs\MiKTeX\tex/latex/l3backend\l3bac
kend-pdftex.def
File: l3backend-pdftex.def 2025-10-09 L3 backend support: PDF output (pdfTeX)
\l__color_backend_stack_int=\count325
) (JavaScript.aux)
\openout1 = `JavaScript.aux'.

LaTeX Font Info:    Checking defaults for OML/cmm/m/it on input line 24.
LaTeX Font Info:    ... okay on input line 24.
LaTeX Font Info:    Checking defaults for OMS/cmsy/m/n on input line 24.
LaTeX Font Info:    ... okay on input line 24.
LaTeX Font Info:    Checking defaults for OT1/cmr/m/n on input line 24.
LaTeX Font Info:    ... okay on input line 24.
LaTeX Font Info:    Checking defaults for T1/cmr/m/n on input line 24.
LaTeX Font Info:    ... okay on input line 24.
LaTeX Font Info:    Checking defaults for TS1/cmr/m/n on input line 24.
LaTeX Font Info:    ... okay on input line 24.
LaTeX Font Info:    Checking defaults for OMX/cmex/m/n on input line 24.
LaTeX Font Info:    ... okay on input line 24.
LaTeX Font Info:    Checking defaults for U/cmr/m/n on input line 24.
LaTeX Font Info:    ... okay on input line 24.
LaTeX Font Info:    Checking defaults for PD1/pdf/m/n on input line 24.
LaTeX Font Info:    ... okay on input line 24.
LaTeX Font Info:    Checking defaults for PU/pdf/m/n on input line 24.
LaTeX Font Info:    ... okay on input line 24.
Package scrbase Info: activating english \partname on input line 24.
Package scrbase Info: activating english \chaptername on input line 24.
Package scrbase Info: activating english \appendixname on input line 24.
Package scrbase Info: activating english \figurename on input line 24.
Package scrbase Info: activating english \tablename on input line 24.
Package scrbase Info: activating english \contentsname on input line 24.
Package scrbase Info: activating english \listfigurename on input line 24.
Package scrbase Info: activating english \listtablename on input line 24.
Package scrbase Info: activating english \bibname on input line 24.
Package scrbase Info: activating english \indexname on input line 24.

(C:\Users\Gabriele_user\AppData\Local\Programs\MiKTeX\tex/context/base/mkii\sup
p-pdf.mkii
[Loading MPS to PDF converter (version 2006.09.02).]
\scratchcounter=\count326
\scratchdimen=\dimen185
\scratchbox=\box62
\nofMPsegments=\count327
\nofMParguments=\count328
\everyMPshowfont=\toks28
\MPscratchCnt=\count329
\MPscratchDim=\dimen186
\MPnumerator=\count330
\makeMPintoPDFobject=\count331
\everyMPtoPDFconversion=\toks29
)
(C:\Users\Gabriele_user\AppData\Local\Programs\MiKTeX\tex/latex/epstopdf-pkg\ep
stopdf-base.sty
Package: epstopdf-base 2020-01-24 v2.11 Base part for package epstopdf
Package epstopdf-base Info: Redefining graphics rule for `.eps' on input line 4
85.

(C:\Users\Gabriele_user\AppData\Local\Programs\MiKTeX\tex/latex/00miktex\epstop
df-sys.cfg
File: epstopdf-sys.cfg 2021/03/18 v2.0 Configuration of epstopdf for MiKTeX
))
Package hyperref Info: Link coloring OFF on input line 24.
\c@lstlisting=\count332
Package tocbasic Info: omitting babel extension for `lol'
(tocbasic)             because of missing \bbl@set@language on input line 24.
\scr@dte@lstlisting@maxnumwidth=\skip76

(C:\Users\Gabriele_user\AppData\Local\Programs\MiKTeX\tex/latex/upquote\upquote
.sty
Package: upquote 2012/04/19 v1.3 upright-quote and grave-accent glyphs in verba
tim
) [1



{C:/Users/Gabriele_user/AppData/Local/MiKTeX/fonts/map/pdftex/pdftex.map}]
LaTeX Font Info:    Trying to load font information for OT1+zi4 on input line 3
3.

(C:\Users\Gabriele_user\AppData\Local\Programs\MiKTeX\tex/latex/inconsolata\ot1
zi4.fd
File: ot1zi4.fd 2018/01/14 OT1/zi4 (Inconsolata)
)
LaTeX Font Info:    Font shape `OT1/zi4/m/n' will be
(Font)              scaled to size 10.95pt on input line 33.

Overfull \hbox (10.95003pt too wide) in paragraph at lines 36--39
[][]
 []

[2{C:/Users/Gabriele_user/AppData/Local/Programs/MiKTeX/fonts/enc/dvips/inconso
lata/i4-ot1-0.enc}] (JavaScript.toc
LaTeX Font Info:    Font shape `OT1/zi4/m/n' will be
(Font)              scaled to size 10.0pt on input line 14.
 [3



])
\tf@toc=\write3
\openout3 = `JavaScript.toc'.

 [4]
chapter 1.

Underfull \hbox (badness 10000) in paragraph at lines 46--47

 []


Overfull \hbox (11.16624pt too wide) in paragraph at lines 48--49
[]\OT1/cmr/m/n/10 A key dis-tinc-tion in object-oriented lan-guages is the dif-
fer-ence be-tween class-based and prototype-
 []


Underfull \hbox (badness 10000) in paragraph at lines 62--62
\OT1/cmr/m/n/10.95 and \OT1/cmr/bx/n/10.95 in-stances \OT1/cmr/m/n/10.95 (ob-
 []


Underfull \hbox (badness 6592) in paragraph at lines 62--62
\OT1/cmr/m/n/10.95 jects cre-ated from the
 []


Underfull \hbox (badness 1616) in paragraph at lines 62--62
\OT1/cmr/m/n/10.95 fines the prop-er-ties and
 []


Underfull \hbox (badness 7595) in paragraph at lines 62--62
\OT1/cmr/m/n/10.95 meth-ods for a set of
 []


Underfull \hbox (badness 2790) in paragraph at lines 62--62
\OT1/cmr/m/n/10.95 er-ties di-rectly from the
 []


Underfull \hbox (badness 10000) in paragraph at lines 62--62
[]|\OT1/cmr/bx/n/10.95 Prototype-based
 []


Underfull \hbox (badness 7777) in paragraph at lines 62--62
[]|\OT1/cmr/m/n/10.95 A new ob-ject in-her-its
 []


Underfull \hbox (badness 4454) in paragraph at lines 62--62
\OT1/cmr/m/n/10.95 prop-er-ties from an-other
 []

<Images/How_JavaScript_engines_work.jpg, id=124, 632.18709pt x 183.83243pt>
File: Images/How_JavaScript_engines_work.jpg Graphic file (type jpg)
<use Images/How_JavaScript_engines_work.jpg>
Package pdftex.def Info: Images/How_JavaScript_engines_work.jpg  used on input 
line 71.
(pdftex.def)             Requested size: 418.25555pt x 121.6271pt.
[5


]
Underfull \hbox (badness 10000) in paragraph at lines 80--81

 []


Underfull \hbox (badness 10000) in paragraph at lines 102--103

 []

[6 <./Images/How_JavaScript_engines_work.jpg>]
Underfull \hbox (badness 10000) in paragraph at lines 117--118

 []


Underfull \hbox (badness 10000) in paragraph at lines 119--120

 []


Underfull \hbox (badness 10000) in paragraph at lines 130--131

 []


Underfull \hbox (badness 10000) in paragraph at lines 142--143

 []

[7]
Underfull \hbox (badness 10000) in paragraph at lines 175--176

 []

[8]
chapter 2.

Underfull \hbox (badness 10000) in paragraph at lines 187--188

 []


(C:\Users\Gabriele_user\AppData\Local\Programs\MiKTeX\tex/latex/listings\lstlan
g1.sty
File: lstlang1.sty 2025/10/06 1.11 listings language file
)
(C:\Users\Gabriele_user\AppData\Local\Programs\MiKTeX\tex/latex/listings\lstmis
c.sty
File: lstmisc.sty 2025/10/06 1.11 (Carsten Heinz)
 
Define lst-aspect `html': tag, tagstyle, usekeywordsintag, markfirstintag,

Allocs: none
)
LaTeX Font Info:    Font shape `OT1/zi4/b/n' will be
(Font)              scaled to size 10.0pt on input line 210.
 [9


] [10]
chapter 3.
LaTeX Font Info:    Font shape `OT1/zi4/b/n' will be
(Font)              scaled to size 14.4pt on input line 253.

Overfull \hbox (0.78572pt too wide) in paragraph at lines 260--260
[]|\OT1/cmr/m/n/10.95 Keyword| 
 []


Underfull \hbox (badness 4132) in paragraph at lines 260--260
[]|\OT1/cmr/m/n/10.95 Re-declaration & Re-assignment
 []

LaTeX Font Info:    Font shape `OT1/zi4/b/n' will be
(Font)              scaled to size 10.95pt on input line 262.

Underfull \hbox (badness 5681) in paragraph at lines 264--264
[]|\OT1/cmr/m/n/10.95 Can be \OT1/cmr/bx/n/10.95 re-declared \OT1/cmr/m/n/10.95
 and \OT1/cmr/bx/n/10.95 re-
 []


Underfull \hbox (badness 3179) in paragraph at lines 264--264
\OT1/cmr/bx/n/10.95 assigned \OT1/cmr/m/n/10.95 (up-dated) within the
 []

LaTeX Font Info:    Trying to load font information for OMS+zi4 on input line 2
67.
LaTeX Font Info:    No file OMSzi4.fd. on input line 267.

LaTeX Font Warning: Font shape `OMS/zi4/m/n' undefined
(Font)              using `OMS/cmsy/m/n' instead
(Font)              for symbol `textbraceleft' on input line 267.


Overfull \hbox (37.59996pt too wide) in paragraph at lines 258--274
[][] 
 []


Overfull \hbox (13.20346pt too wide) in paragraph at lines 279--280
[]\OT1/cmr/m/n/10 Variables de-clared with \OT1/zi4/m/n/10 var \OT1/cmr/m/n/10 
are hoisted and au-to-mat-i-cally ini-tial-ized with the value \OT1/zi4/m/n/10 
undefined\OT1/cmr/m/n/10 .
 []

[11


]
Underfull \hbox (badness 10000) in paragraph at lines 313--314

 []


Overfull \hbox (3.62904pt too wide) in paragraph at lines 315--316
[]\OT1/cmr/m/n/10 A com-mon point of con-fu-sion is the se-man-tic dif-fer-ence
 be-tween \OT1/zi4/m/n/10 Undefined \OT1/cmr/m/n/10 and \OT1/zi4/m/n/10 Null\OT
1/cmr/m/n/10 . \OT1/zi4/m/n/10 Undefined
 []


Underfull \hbox (badness 10000) in paragraph at lines 315--316

 []


Underfull \hbox (badness 10000) in paragraph at lines 317--318

 []

LaTeX Font Info:    Trying to load font information for TS1+zi4 on input line 3
30.

(C:\Users\Gabriele_user\AppData\Local\Programs\MiKTeX\tex/latex/inconsolata\ts1
zi4.fd
File: ts1zi4.fd 2018/01/14 TS1/zi4 (Inconsolata)
)
LaTeX Font Info:    Font shape `TS1/zi4/m/n' will be
(Font)              scaled to size 10.0pt on input line 330.
 [12]
Underfull \hbox (badness 10000) in paragraph at lines 353--354

 []


Underfull \hbox (badness 10000) in paragraph at lines 380--381

 []

[13{C:/Users/Gabriele_user/AppData/Local/Programs/MiKTeX/fonts/enc/dvips/incons
olata/i4-ts1.enc}] [14]
chapter 4.

Underfull \hbox (badness 10000) in paragraph at lines 487--487
[]|\OT1/cmr/bx/n/10.95 Operator
 []


Underfull \hbox (badness 1281) in paragraph at lines 487--487
[]|\OT1/cmr/m/n/10.95 Basic math op-er-a-
 []


Underfull \hbox (badness 6559) in paragraph at lines 487--487
[]|\OT1/cmr/m/n/10.95 Assign or up-date
 []


Underfull \hbox (badness 6725) in paragraph at lines 487--487
[]|\OT1/cmr/m/n/10.95 Values com-par-i-son
 []


Underfull \hbox (badness 10000) in paragraph at lines 487--487
\OT1/cmr/m/n/10.95 (Pay at-ten-tion
 []


Underfull \hbox (badness 10000) in paragraph at lines 487--487
\OT1/cmr/m/n/10.95 to the dif-fer-ence
 []


Underfull \hbox (badness 3343) in paragraph at lines 487--487
\OT1/cmr/m/n/10.95 be-tween the loose
 []


Underfull \hbox (badness 10000) in paragraph at lines 487--487
\OT1/cmr/m/n/10.95 equal-ity and the
 []


Underfull \hbox (badness 10000) in paragraph at lines 487--487
[]|\OT1/zi4/m/n/10.95 condition
 []


Underfull \hbox (badness 1221) in paragraph at lines 487--487
\OT1/zi4/m/n/10.95 ? [value
 []


Underfull \hbox (badness 10000) in paragraph at lines 487--487
\OT1/zi4/m/n/10.95 if the
 []


Underfull \hbox (badness 10000) in paragraph at lines 487--487
\OT1/zi4/m/n/10.95 condition
 []


Underfull \hbox (badness 10000) in paragraph at lines 487--487
\OT1/zi4/m/n/10.95 is true]
 []


Underfull \hbox (badness 4132) in paragraph at lines 487--487
\OT1/zi4/m/n/10.95 : [value
 []


Underfull \hbox (badness 10000) in paragraph at lines 487--487
\OT1/zi4/m/n/10.95 if the
 []


Underfull \hbox (badness 10000) in paragraph at lines 487--487
\OT1/zi4/m/n/10.95 condition
 []


Underfull \hbox (badness 10000) in paragraph at lines 487--487
[]|\OT1/zi4/m/n/10.95 typeof\OT1/cmr/m/n/10.95 ,
 []


LaTeX Warning: `!h' float specifier changed to `!ht'.


Underfull \hbox (badness 10000) in paragraph at lines 508--509

 []


Overfull \hbox (0.89984pt too wide) in paragraph at lines 523--523
[]|$\OT1/cmr/m/n/6 (\OML/cmm/m/it/6 a AND NOT\OT1/cmr/m/n/6 (\OML/cmm/m/it/6 b\
OT1/cmr/m/n/6 )) \OML/cmm/m/it/6 OR \OT1/cmr/m/n/6 (\OML/cmm/m/it/6 NOT\OT1/cmr
/m/n/6 (\OML/cmm/m/it/6 a\OT1/cmr/m/n/6 ) \OML/cmm/m/it/6 AND b\OT1/cmr/m/n/6 )
$| 
 []


LaTeX Warning: `!h' float specifier changed to `!ht'.

[15


] [16]
Underfull \hbox (badness 10000) in paragraph at lines 538--539

 []

[17] [18] [19] [20] [21] [22] [23] [24]
<Images/js_data_types.jpg, id=432, 490.83376pt x 407.5225pt>
File: Images/js_data_types.jpg Graphic file (type jpg)
<use Images/js_data_types.jpg>
Package pdftex.def Info: Images/js_data_types.jpg  used on input line 1070.
(pdftex.def)             Requested size: 209.12778pt x 173.63315pt.

Underfull \hbox (badness 10000) in paragraph at lines 1075--1076

 []

[25 <./Images/js_data_types.jpg>]
Underfull \hbox (badness 10000) in paragraph at lines 1119--1120

 []

[26]
Underfull \hbox (badness 10000) in paragraph at lines 1177--1178

 []

[27]
Underfull \hbox (badness 10000) in paragraph at lines 1209--1210

 []


Overfull \hbox (6.87697pt too wide) in paragraph at lines 1219--1220
\OT1/cmr/m/n/10 to treat prim-i-tive val-ues as ob-jects, their ex-plicit us-ag
e (e.g., \OT1/zi4/m/n/10 new Number(5)\OT1/cmr/m/n/10 , \OT1/zi4/m/n/10 new Str
ing("hello")\OT1/cmr/m/n/10 )
 []

[28] [29]
Underfull \hbox (badness 10000) in paragraph at lines 1313--1314

 []

[30] [31] [32]
chapter 5.

Underfull \hbox (badness 10000) in paragraph at lines 1472--1473

 []


Underfull \hbox (badness 10000) in paragraph at lines 1474--1475

 []

[33


] [34]
chapter 6.

Overfull \hbox (0.49521pt too wide) in paragraph at lines 1506--1507
\OT1/cmr/m/n/10 Arrays and ob-jects are the pri-mary data struc-tures for or-ga
-niz-ing col-lec-tions of data in JavaScript.
 []

[35


] [36]
LaTeX Font Info:    Font shape `OT1/zi4/b/n' will be
(Font)              scaled to size 12.0pt on input line 1652.
 [37]
Underfull \hbox (badness 10000) in paragraph at lines 1709--1710

 []


Overfull \hbox (37.7442pt too wide) in paragraph at lines 1719--1720
[][][][][][][][][][][][][][][][][][][][][][][][][][][][][][][][][][][][][][][] 

 []


Underfull \hbox (badness 10000) in paragraph at lines 1727--1728

 []

[38] [39]
Underfull \hbox (badness 6708) in paragraph at lines 1845--1845
[]|\OT1/zi4/m/n/10.95 let obj = new
 []


Underfull \hbox (badness 6708) in paragraph at lines 1845--1845
[]|\OT1/zi4/m/n/10.95 let now = new
 []


Underfull \hbox (badness 2970) in paragraph at lines 1845--1845
[]|\OT1/zi4/m/n/10.95 let jsonString =
 []


Overfull \hbox (4.93593pt too wide) in paragraph at lines 1845--1845
\OT1/zi4/m/n/10.95 JSON.stringify(obj);| 
 []

[40] [41] [42


]
chapter 7.

Underfull \hbox (badness 10000) in paragraph at lines 1867--1868

 []


Underfull \hbox (badness 10000) in paragraph at lines 1883--1884

 []

[43] [44]

LaTeX Font Warning: Font shape `OT1/zi4/m/sl' undefined
(Font)              using `OT1/zi4/m/n' instead on input line 2017.

[45]

LaTeX Font Warning: Font shape `OT1/zi4/m/it' undefined
(Font)              using `OT1/zi4/m/n' instead on input line 2046.


Underfull \hbox (badness 10000) in paragraph at lines 2051--2052

 []

[46] [47] (JavaScript.aux)
 ***********
LaTeX2e <2025-11-01>
L3 programming layer <2025-10-24>
 ***********


LaTeX Font Warning: Some font shapes were not available, defaults substituted.

 ) 
Here is how much of TeX's memory you used:
 18235 strings out of 467871
 342334 string characters out of 5414504
 1078941 words of memory out of 5000000
 46210 multiletter control sequences out of 15000+600000
 638703 words of font info for 80 fonts, out of 8000000 for 9000
 1141 hyphenation exceptions out of 8191
 108i,20n,107p,11268b,2126s stack positions out of 10000i,1000n,20000p,200000b,200000s
 <C:\Users\Gabriele_user\AppData\Local\MiKTeX\fonts/pk/ljfour/jknappen/ec/dpi
600\tcrm1000.pk><C:/Users/Gabriele_user/AppData/Local/Programs/MiKTeX/fonts/typ
e1/public/inconsolata/Inconsolata-zi4b.pfb><C:/Users/Gabriele_user/AppData/Loca
l/Programs/MiKTeX/fonts/type1/public/inconsolata/Inconsolata-zi4r.pfb><C:/Users
/Gabriele_user/AppData/Local/Programs/MiKTeX/fonts/type1/public/amsfonts/cm/cmb
x10.pfb><C:/Users/Gabriele_user/AppData/Local/Programs/MiKTeX/fonts/type1/publi
c/amsfonts/cm/cmbx12.pfb><C:/Users/Gabriele_user/AppData/Local/Programs/MiKTeX/
fonts/type1/public/amsfonts/cm/cmmi10.pfb><C:/Users/Gabriele_user/AppData/Local
/Programs/MiKTeX/fonts/type1/public/amsfonts/cm/cmmi6.pfb><C:/Users/Gabriele_us
er/AppData/Local/Programs/MiKTeX/fonts/type1/public/amsfonts/cm/cmmi7.pfb><C:/U
sers/Gabriele_user/AppData/Local/Programs/MiKTeX/fonts/type1/public/amsfonts/cm
/cmr10.pfb><C:/Users/Gabriele_user/AppData/Local/Programs/MiKTeX/fonts/type1/pu
blic/amsfonts/cm/cmr12.pfb><C:/Users/Gabriele_user/AppData/Local/Programs/MiKTe
X/fonts/type1/public/amsfonts/cm/cmr6.pfb><C:/Users/Gabriele_user/AppData/Local
/Programs/MiKTeX/fonts/type1/public/amsfonts/cm/cmr7.pfb><C:/Users/Gabriele_use
r/AppData/Local/Programs/MiKTeX/fonts/type1/public/amsfonts/cm/cmsl10.pfb><C:/U
sers/Gabriele_user/AppData/Local/Programs/MiKTeX/fonts/type1/public/amsfonts/cm
/cmssbx10.pfb><C:/Users/Gabriele_user/AppData/Local/Programs/MiKTeX/fonts/type1
/public/amsfonts/cm/cmsy10.pfb><C:/Users/Gabriele_user/AppData/Local/Programs/M
iKTeX/fonts/type1/public/amsfonts/cm/cmsy8.pfb><C:/Users/Gabriele_user/AppData/
Local/Programs/MiKTeX/fonts/type1/public/amsfonts/cm/cmti10.pfb>
Output written on JavaScript.pdf (47 pages, 562243 bytes).
PDF statistics:
 1313 PDF objects out of 1440 (max. 8388607)
 722 named destinations out of 1000 (max. 500000)
 387 words of extra memory for PDF output out of 10000 (max. 10000000)

