This is XeTeX, Version 3.141592653-2.6-0.999997 (MiKTeX 25.4) (preloaded format=xelatex 2026.4.16)  17 MAY 2026 18:06
entering extended mode
 restricted \write18 enabled.
 %&-line parsing enabled.
**./Apache.tex
(Apache.tex
LaTeX2e <2025-11-01>
L3 programming layer <2025-10-24>

(C:\Users\Gabriele_user\AppData\Local\Programs\MiKTeX\tex/latex/koma-script\scr
book.cls
Document Class: scrbook 2025/09/09 v3.48 KOMA-Script document class (book)

(C:\Users\Gabriele_user\AppData\Local\Programs\MiKTeX\tex/latex/koma-script\scr
kbase.sty
Package: scrkbase 2025/09/09 v3.48 KOMA-Script package (KOMA-Script-dependent b
asics and keyval usage)

(C:\Users\Gabriele_user\AppData\Local\Programs\MiKTeX\tex/latex/koma-script\scr
base.sty
Package: scrbase 2025/09/09 v3.48 KOMA-Script package (KOMA-Script-independent 
basics and keyval usage)

(C:\Users\Gabriele_user\AppData\Local\Programs\MiKTeX\tex/latex/koma-script\scr
lfile.sty
Package: scrlfile 2025/09/09 v3.48 KOMA-Script package (file load hooks)

(C:\Users\Gabriele_user\AppData\Local\Programs\MiKTeX\tex/latex/koma-script\scr
lfile-hook.sty
Package: scrlfile-hook 2025/09/09 v3.48 KOMA-Script package (using LaTeX hooks)


(C:\Users\Gabriele_user\AppData\Local\Programs\MiKTeX\tex/latex/koma-script\scr
logo.sty
Package: scrlogo 2025/09/09 v3.48 KOMA-Script package (logo)
)))
(C:\Users\Gabriele_user\AppData\Local\Programs\MiKTeX\tex/latex/graphics\keyval
.sty
Package: keyval 2022/05/29 v1.15 key=value parser (DPC)
\KV@toks@=\toks17
)
Applying: [2021/05/01] Usage of raw or classic option list on input line 254.
Already applied: [0000/00/00] Usage of raw or classic option list on input line
 370.
))
(C:\Users\Gabriele_user\AppData\Local\Programs\MiKTeX\tex/latex/koma-script\toc
basic.sty
Package: tocbasic 2025/09/09 v3.48 KOMA-Script package (handling toc-files)
\scr@dte@tocline@numberwidth=\skip49
\scr@dte@tocline@numbox=\box53
)
Package tocbasic Info: omitting babel extension for `toc'
(tocbasic)             because of feature `nobabel' available
(tocbasic)             for `toc' on input line 143.
Class scrbook Info: File `scrsize11pt.clo' used instead of
(scrbook)           file `scrsize11.clo' to setup font sizes on input line 2710
.

(C:\Users\Gabriele_user\AppData\Local\Programs\MiKTeX\tex/latex/koma-script\scr
size11pt.clo
File: scrsize11pt.clo 2025/09/09 v3.48 KOMA-Script font size class option (11pt
)
)
(C:\Users\Gabriele_user\AppData\Local\Programs\MiKTeX\tex/latex/koma-script\typ
earea.sty
Package: typearea 2025/09/09 v3.48 KOMA-Script package (type area)
\ta@bcor=\skip50
\ta@div=\count271
\ta@hblk=\skip51
\ta@vblk=\skip52
\ta@temp=\skip53
\footheight=\skip54
Package typearea Info: These are the values describing the layout:
(typearea)             DIV  = 10
(typearea)             BCOR = 0.0pt
(typearea)             \paperwidth      = 597.50793pt
(typearea)              \textwidth      = 418.25555pt
(typearea)              DIV departure   = -6%
(typearea)              \evensidemargin = 47.2316pt
(typearea)              \oddsidemargin  = -12.5192pt
(typearea)             \paperheight     = 845.04694pt
(typearea)              \textheight     = 595.80026pt
(typearea)              \topmargin      = -25.16531pt
(typearea)              \headheight     = 17.0pt
(typearea)              \headsep        = 20.40001pt
(typearea)              \topskip        = 11.0pt
(typearea)              \footskip       = 47.6pt
(typearea)              \baselineskip   = 13.6pt
(typearea)              on input line 1807.
)
\c@part=\count272
\c@chapter=\count273
\c@section=\count274
\c@subsection=\count275
\c@subsubsection=\count276
\c@paragraph=\count277
\c@subparagraph=\count278
\scr@dte@chapter@maxnumwidth=\skip55
Class scrbook Info: using compatibility default `afterindent=bysign'
(scrbook)           for `\chapter on input line 6076.
\scr@dte@section@maxnumwidth=\skip56
Class scrbook Info: using compatibility default `runin=bysign'
(scrbook)           for `\section on input line 6087.
Class scrbook Info: using compatibility default `afterindent=bysign'
(scrbook)           for `\section on input line 6087.
\scr@dte@part@maxnumwidth=\skip57
Class scrbook Info: using compatibility default `afterindent=true'
(scrbook)           for `\part on input line 6096.
\scr@dte@subsection@maxnumwidth=\skip58
Class scrbook Info: using compatibility default `runin=bysign'
(scrbook)           for `\subsection on input line 6106.
Class scrbook Info: using compatibility default `afterindent=bysign'
(scrbook)           for `\subsection on input line 6106.
\scr@dte@subsubsection@maxnumwidth=\skip59
Class scrbook Info: using compatibility default `runin=bysign'
(scrbook)           for `\subsubsection on input line 6116.
Class scrbook Info: using compatibility default `afterindent=bysign'
(scrbook)           for `\subsubsection on input line 6116.
\scr@dte@paragraph@maxnumwidth=\skip60
Class scrbook Info: using compatibility default `runin=bysign'
(scrbook)           for `\paragraph on input line 6127.
Class scrbook Info: using compatibility default `afterindent=bysign'
(scrbook)           for `\paragraph on input line 6127.
\scr@dte@subparagraph@maxnumwidth=\skip61
Class scrbook Info: using compatibility default `runin=bysign'
(scrbook)           for `\subparagraph on input line 6137.
Class scrbook Info: using compatibility default `afterindent=bysign'
(scrbook)           for `\subparagraph on input line 6137.
\abovecaptionskip=\skip62
\belowcaptionskip=\skip63
\c@pti@nb@sid@b@x=\box54
Package tocbasic Info: omitting babel extension for `lof'
(tocbasic)             because of feature `nobabel' available
(tocbasic)             for `lof' on input line 7350.
\scr@dte@figure@maxnumwidth=\skip64
\c@figure=\count279
Package tocbasic Info: omitting babel extension for `lot'
(tocbasic)             because of feature `nobabel' available
(tocbasic)             for `lot' on input line 7363.
\scr@dte@table@maxnumwidth=\skip65
\c@table=\count280
Class scrbook Info: Redefining `\numberline' on input line 7534.
\bibindent=\dimen148
)
(C:\Users\Gabriele_user\AppData\Local\Programs\MiKTeX\tex/latex/graphics\graphi
cx.sty
Package: graphicx 2024/12/31 v1.2e Enhanced LaTeX Graphics (DPC,SPQR)

(C:\Users\Gabriele_user\AppData\Local\Programs\MiKTeX\tex/latex/graphics\graphi
cs.sty
Package: graphics 2024/08/06 v1.4g Standard LaTeX Graphics (DPC,SPQR)

(C:\Users\Gabriele_user\AppData\Local\Programs\MiKTeX\tex/latex/graphics\trig.s
ty
Package: trig 2023/12/02 v1.11 sin cos tan (DPC)
)
(C:\Users\Gabriele_user\AppData\Local\Programs\MiKTeX\tex/latex/graphics-cfg\gr
aphics.cfg
File: graphics.cfg 2016/06/04 v1.11 sample graphics configuration
)
Package graphics Info: Driver file: xetex.def on input line 106.

(C:\Users\Gabriele_user\AppData\Local\Programs\MiKTeX\tex/latex/graphics-def\xe
tex.def
File: xetex.def 2025/11/01 v5.0p Graphics/color driver for xetex
))
\Gin@req@height=\dimen149
\Gin@req@width=\dimen150
)
(C:\Users\Gabriele_user\AppData\Local\Programs\MiKTeX\tex/latex/tools\tabularx.
sty
Package: tabularx 2023/12/11 v2.12a `tabularx' package (DPC)

(C:\Users\Gabriele_user\AppData\Local\Programs\MiKTeX\tex/latex/tools\array.sty
Package: array 2025/09/25 v2.6n Tabular extension package (FMi)
\col@sep=\dimen151
\ar@mcellbox=\box55
\extrarowheight=\dimen152
\NC@list=\toks18
\extratabsurround=\skip66
\backup@length=\skip67
\ar@cellbox=\box56
)
\TX@col@width=\dimen153
\TX@old@table=\dimen154
\TX@old@col=\dimen155
\TX@target=\dimen156
\TX@delta=\dimen157
\TX@cols=\count281
\TX@ftn=\toks19
)
(C:\Users\Gabriele_user\AppData\Local\Programs\MiKTeX\tex/latex/koma-script\scr
layer-scrpage.sty
Package: scrlayer-scrpage 2025/09/09 v3.48 KOMA-Script package (end user interf
ace for scrlayer)

(C:\Users\Gabriele_user\AppData\Local\Programs\MiKTeX\tex/latex/koma-script\scr
layer.sty
Package: scrlayer 2025/09/09 v3.48 KOMA-Script package (defining layers and pag
e styles)
Package scrlayer Info: patching LaTeX kernel macro \pagestyle on input line 217
9.
)
Package scrlayer-scrpage Info: Makeing stand-alone element `pagehead' from
(scrlayer-scrpage)             alias to `pageheadfoot' on input line 1106.
)
(C:\Users\Gabriele_user\AppData\Local\Programs\MiKTeX\tex/latex/url\url.sty
\Urlmuskip=\muskip17
Package: url 2013/09/16  ver 3.4  Verb mode for urls, etc.
)
(C:\Users\Gabriele_user\AppData\Local\Programs\MiKTeX\tex/latex/hyperref\hyperr
ef.sty
Package: hyperref 2025-07-12 v7.01o Hypertext links for LaTeX

(C:\Users\Gabriele_user\AppData\Local\Programs\MiKTeX\tex/generic/iftex\iftex.s
ty
Package: iftex 2024/12/12 v1.0g TeX engine tests
)
(C:\Users\Gabriele_user\AppData\Local\Programs\MiKTeX\tex/latex/kvsetkeys\kvset
keys.sty
Package: kvsetkeys 2022-10-05 v1.19 Key value parser (HO)
)
(C:\Users\Gabriele_user\AppData\Local\Programs\MiKTeX\tex/generic/kvdefinekeys\
kvdefinekeys.sty
Package: kvdefinekeys 2019-12-19 v1.6 Define keys (HO)
)
(C:\Users\Gabriele_user\AppData\Local\Programs\MiKTeX\tex/generic/pdfescape\pdf
escape.sty
Package: pdfescape 2019/12/09 v1.15 Implements pdfTeX's escape features (HO)

(C:\Users\Gabriele_user\AppData\Local\Programs\MiKTeX\tex/generic/ltxcmds\ltxcm
ds.sty
Package: ltxcmds 2023-12-04 v1.26 LaTeX kernel commands for general use (HO)
)
(C:\Users\Gabriele_user\AppData\Local\Programs\MiKTeX\tex/generic/pdftexcmds\pd
ftexcmds.sty
Package: pdftexcmds 2020-06-27 v0.33 Utility functions of pdfTeX for LuaTeX (HO
)

(C:\Users\Gabriele_user\AppData\Local\Programs\MiKTeX\tex/generic/infwarerr\inf
warerr.sty
Package: infwarerr 2019/12/03 v1.5 Providing info/warning/error messages (HO)
)
Package pdftexcmds Info: \pdf@primitive is available.
Package pdftexcmds Info: \pdf@ifprimitive is available.
Package pdftexcmds Info: \pdfdraftmode not found.
))
(C:\Users\Gabriele_user\AppData\Local\Programs\MiKTeX\tex/latex/hycolor\hycolor
.sty
Package: hycolor 2020-01-27 v1.10 Color options for hyperref/bookmark (HO)
)
(C:\Users\Gabriele_user\AppData\Local\Programs\MiKTeX\tex/latex/hyperref\namere
f.sty
Package: nameref 2025-06-21 v2.57 Cross-referencing by name of section

(C:\Users\Gabriele_user\AppData\Local\Programs\MiKTeX\tex/latex/refcount\refcou
nt.sty
Package: refcount 2019/12/15 v3.6 Data extraction from label references (HO)
)
(C:\Users\Gabriele_user\AppData\Local\Programs\MiKTeX\tex/generic/gettitlestrin
g\gettitlestring.sty
Package: gettitlestring 2019/12/15 v1.6 Cleanup title references (HO)

(C:\Users\Gabriele_user\AppData\Local\Programs\MiKTeX\tex/latex/kvoptions\kvopt
ions.sty
Package: kvoptions 2022-06-15 v3.15 Key value format for package options (HO)
))
\c@section@level=\count282
)
(C:\Users\Gabriele_user\AppData\Local\Programs\MiKTeX\tex/latex/etoolbox\etoolb
ox.sty
Package: etoolbox 2025/10/02 v2.5m e-TeX tools for LaTeX (JAW)
\etb@tempcnta=\count283
)
(C:\Users\Gabriele_user\AppData\Local\Programs\MiKTeX\tex/generic/stringenc\str
ingenc.sty
Package: stringenc 2019/11/29 v1.12 Convert strings between diff. encodings (HO
)
)
\@linkdim=\dimen158
\Hy@linkcounter=\count284
\Hy@pagecounter=\count285

(C:\Users\Gabriele_user\AppData\Local\Programs\MiKTeX\tex/latex/hyperref\pd1enc
.def
File: pd1enc.def 2025-07-12 v7.01o Hyperref: PDFDocEncoding definition (HO)
)
(C:\Users\Gabriele_user\AppData\Local\Programs\MiKTeX\tex/generic/intcalc\intca
lc.sty
Package: intcalc 2019/12/15 v1.3 Expandable calculations with integers (HO)
)
\Hy@SavedSpaceFactor=\count286

(C:\Users\Gabriele_user\AppData\Local\Programs\MiKTeX\tex/latex/hyperref\puenc.
def
File: puenc.def 2025-07-12 v7.01o Hyperref: PDF Unicode definition (HO)
)
Package hyperref Info: Hyper figures OFF on input line 4195.
Package hyperref Info: Link nesting OFF on input line 4200.
Package hyperref Info: Hyper index ON on input line 4203.
Package hyperref Info: Plain pages OFF on input line 4210.
Package hyperref Info: Backreferencing OFF on input line 4215.
Package hyperref Info: Implicit mode ON; LaTeX internals redefined.
Package hyperref Info: Bookmarks ON on input line 4462.
\c@Hy@tempcnt=\count287
LaTeX Info: Redefining \url on input line 4801.
\XeTeXLinkMargin=\dimen159

(C:\Users\Gabriele_user\AppData\Local\Programs\MiKTeX\tex/generic/bitset\bitset
.sty
Package: bitset 2019/12/09 v1.3 Handle bit-vector datatype (HO)

(C:\Users\Gabriele_user\AppData\Local\Programs\MiKTeX\tex/generic/bigintcalc\bi
gintcalc.sty
Package: bigintcalc 2019/12/15 v1.5 Expandable calculations on big integers (HO
)
))
\Fld@menulength=\count288
\Field@Width=\dimen160
\Fld@charsize=\dimen161
Package hyperref Info: Hyper figures OFF on input line 6078.
Package hyperref Info: Link nesting OFF on input line 6083.
Package hyperref Info: Hyper index ON on input line 6086.
Package hyperref Info: backreferencing OFF on input line 6093.
Package hyperref Info: Link coloring OFF on input line 6098.
Package hyperref Info: Link coloring with OCG OFF on input line 6103.
Package hyperref Info: PDF/A mode OFF on input line 6108.
\Hy@abspage=\count289
\c@Item=\count290
\c@Hfootnote=\count291
)
Package hyperref Info: Driver (autodetected): hxetex.

(C:\Users\Gabriele_user\AppData\Local\Programs\MiKTeX\tex/latex/hyperref\hxetex
.def
File: hxetex.def 2025-07-12 v7.01o Hyperref driver for XeTeX
\pdfm@box=\box57
\c@Hy@AnnotLevel=\count292
\HyField@AnnotCount=\count293
\Fld@listcount=\count294
\c@bookmark@seq@number=\count295

(C:\Users\Gabriele_user\AppData\Local\Programs\MiKTeX\tex/latex/rerunfilecheck\
rerunfilecheck.sty
Package: rerunfilecheck 2025-06-21 v1.11 Rerun checks for auxiliary files (HO)

(C:\Users\Gabriele_user\AppData\Local\Programs\MiKTeX\tex/generic/uniquecounter
\uniquecounter.sty
Package: uniquecounter 2019/12/15 v1.4 Provide unlimited unique counter (HO)
)
Package uniquecounter Info: New unique counter `rerunfilecheck' on input line 2
84.
)
\Hy@SectionHShift=\skip68
)
(C:\Users\Gabriele_user\AppData\Local\Programs\MiKTeX\tex/latex/listings\listin
gs.sty \lstset,
\lst@mode=\count296
 
new hook `InitVars',

new hook `EndGroup',

new hook `ExitVars',

new hook `ModeTrue',

new hook `EOL',
\lst@gtempboxa=\box58
\lst@token=\toks20
\lst@length=\count297

new hook `InitVarsBOL',
\lst@currlwidth=\dimen162
\lst@column=\count298
\lst@pos=\count299
\lst@lostspace=\dimen163
\lst@width=\dimen164
basewidth, 
new hook `FontAdjust',
fontadjust, 
new hook `PostOutput',

new hook `OutputBox',

new hook `InitBOL',
columns, flexiblecolumns,
\lst@newlines=\count300
 
new hook `OnNewLine',
emptylines, 
new hook `OnEmptyLine',
identifierstyle, 
new hook `EmptyStyle',

new hook `OutputOther',

new hook `Output',
tabsize, showtabs, tab, showspaces, keepspaces, 
new hook `Init',
formfeed, upquote, SelectCharTable, MoreSelectCharTable,

new hook `SetLanguage',
extendedchars, useoutput, rescanchars, alsoletter, alsodigit, alsoother,

new hook `SelectCharTable',
excludedelims, delim, moredelim, deletedelim, literate, basicstyle,
inputencoding, multicols, 
new hook `EveryLine',
\lst@lineno=\count301
print, firstline, lastline, 
new hook `PreSet',
nolol, linerange, consecutivenumbers, rangeprefix, rangesuffix,
rangebeginprefix, rangebeginsuffix, rangeendprefix, rangeendsuffix,
includerangemarker, 
new hook `DeInit',
captionpos, abovecaptionskip, belowcaptionskip, label, title, caption,

new hook `TextStyle',
\lstlistingname, \lstlistingnamestyle, numberbychapter, boxpos, float,
floatplacement, aboveskip, belowskip, everydisplay, 
new hook `DisplayStyle',

new hook `PreInit',

new hook `EveryPar',
showlines,
\lst@maxwidth=\dimen165
 
new hook `InitVarsEOL',
gobble, name, \lstlistlistingname, \lstlistoflistings, inputpath,
\lstnewenvironment, fancyvrb,
(C:\Users\Gabriele_user\AppData\Local\Programs\MiKTeX\tex/latex/listings\lstpat
ch.sty
File: lstpatch.sty 2025/10/06 1.11 (Carsten Heinz)
)
(C:\Users\Gabriele_user\AppData\Local\Programs\MiKTeX\tex/latex/listings\lstmis
c.sty
File: lstmisc.sty 2025/10/06 1.11 (Carsten Heinz)
 
Define lst-aspect `strings': string, morestring, deletestring, stringstyle,
showstringspaces, 
new hook `ExcludeDelims',

Allocs: none

Define lst-aspect `comments': comment, morecomment, deletecomment,
commentstyle, 
new hook `AfterBeginComment',

Allocs: none

Define lst-aspect `escape': texcl, escapebegin, escapeend, escapechar,
escapeinside, mathescape, 
Allocs: none

Define lst-aspect `keywords': sensitive, 
new hook `TrackKeywords',

new hook `PostTrackKeywords',

new hook `DetectKeywords',
classoffset, keywords, morekeywords, deletekeywords, keywordstyle,
keywordstyle, ndkeywords, morendkeywords, deletendkeywords, ndkeywordstyle,
keywordsprefix, otherkeywords, 
Allocs: none

Define lst-aspect `emph': emph, moreemph, deleteemph, emphstyle, 
Allocs: none

Define lst-aspect `index': index, moreindex, deleteindex, indexstyle,
\lstindexmacro, 
Allocs: none

Define lst-aspect `style': \lststylefiles, \lstdefinestyle, \lst@definestyle,
style, 
new hook `SetStyle',

Allocs: none

Define lst-aspect `language': \lstlanguagefiles, \lstdefinelanguage,
\lst@definelanguage, language, alsolanguage, \lstalias, defaultdialect,

Allocs: none

Define lst-aspect `labels': numbers, stepnumber, numberfirstline, numberstyle,
numbersep, numberblanklines, firstnumber,
\c@lstnumber=\count302
\lst@skipnumbers=\count303
 
Allocs: 2\count, 

Define lst-aspect `lineshape': xleftmargin, xrightmargin, resetmargins,

new hook `BoxUnsafe',
linewidth, lineskip, breaklines, breakindent, breakautoindent,
breakatwhitespace, prebreak, postbreak, 
Allocs: none

Define lst-aspect `frames': framexleftmargin, framexrightmargin,
framextopmargin, framexbottommargin, backgroundcolor, fillcolor, rulecolor,
rulesepcolor, rulesep, framerule, framesep, frameshape, frameround, frame,
\lst@framebox=\box59


Allocs: 1\box, 
) 
Allocs: 8\count, 4\dimen, 2\box, 1\toks, 

(C:\Users\Gabriele_user\AppData\Local\Programs\MiKTeX\tex/latex/listings\listin
gs.cfg
File: listings.cfg 2025/10/06 1.11 listings configuration
))
Package: listings 2025/10/06 1.11 (Carsten Heinz)

==> First Aid for listings.sty no longer applied!
    Expected:
        2024/09/23 1.10c (Carsten Heinz)
    but found:
        2025/10/06 1.11 (Carsten Heinz)
    so I'm assuming it got fixed.

(C:\Users\Gabriele_user\AppData\Local\Programs\MiKTeX\tex/latex/mathtools\matht
ools.sty
Package: mathtools 2024/10/04 v1.31 mathematical typesetting tools

(C:\Users\Gabriele_user\AppData\Local\Programs\MiKTeX\tex/latex/tools\calc.sty
Package: calc 2025/03/01 v4.3b Infix arithmetic (KKT,FJ)
\calc@Acount=\count304
\calc@Bcount=\count305
\calc@Adimen=\dimen166
\calc@Bdimen=\dimen167
\calc@Askip=\skip69
\calc@Bskip=\skip70
LaTeX Info: Redefining \setlength on input line 86.
LaTeX Info: Redefining \addtolength on input line 87.
\calc@Ccount=\count306
\calc@Cskip=\skip71
)
(C:\Users\Gabriele_user\AppData\Local\Programs\MiKTeX\tex/latex/mathtools\mhset
up.sty
Package: mhsetup 2021/03/18 v1.4 programming setup (MH)
)
(C:\Users\Gabriele_user\AppData\Local\Programs\MiKTeX\tex/latex/amsmath\amsmath
.sty
Package: amsmath 2025/07/09 v2.17z AMS math features
\@mathmargin=\skip72

For additional information on amsmath, use the `?' option.

(C:\Users\Gabriele_user\AppData\Local\Programs\MiKTeX\tex/latex/amsmath\amstext
.sty
Package: amstext 2024/11/17 v2.01 AMS text

(C:\Users\Gabriele_user\AppData\Local\Programs\MiKTeX\tex/latex/amsmath\amsgen.
sty
File: amsgen.sty 1999/11/30 v2.0 generic functions
\@emptytoks=\toks21
\ex@=\dimen168
))
(C:\Users\Gabriele_user\AppData\Local\Programs\MiKTeX\tex/latex/amsmath\amsbsy.
sty
Package: amsbsy 1999/11/29 v1.2d Bold Symbols
\pmbraise@=\dimen169
)
(C:\Users\Gabriele_user\AppData\Local\Programs\MiKTeX\tex/latex/amsmath\amsopn.
sty
Package: amsopn 2022/04/08 v2.04 operator names
)
\inf@bad=\count307
LaTeX Info: Redefining \frac on input line 233.
\uproot@=\count308
\leftroot@=\count309
LaTeX Info: Redefining \overline on input line 398.
LaTeX Info: Redefining \colon on input line 409.
\classnum@=\count310
\DOTSCASE@=\count311
LaTeX Info: Redefining \ldots on input line 495.
LaTeX Info: Redefining \dots on input line 498.
LaTeX Info: Redefining \cdots on input line 619.
\Mathstrutbox@=\box60
\strutbox@=\box61
LaTeX Info: Redefining \big on input line 721.
LaTeX Info: Redefining \Big on input line 722.
LaTeX Info: Redefining \bigg on input line 723.
LaTeX Info: Redefining \Bigg on input line 724.
\big@size=\dimen170
LaTeX Font Info:    Redeclaring font encoding OML on input line 742.
LaTeX Font Info:    Redeclaring font encoding OMS on input line 743.
\macc@depth=\count312
LaTeX Info: Redefining \bmod on input line 904.
LaTeX Info: Redefining \pmod on input line 909.
LaTeX Info: Redefining \smash on input line 939.
LaTeX Info: Redefining \relbar on input line 969.
LaTeX Info: Redefining \Relbar on input line 970.
\c@MaxMatrixCols=\count313
\dotsspace@=\muskip18
\c@parentequation=\count314
\dspbrk@lvl=\count315
\tag@help=\toks22
\row@=\count316
\column@=\count317
\maxfields@=\count318
\andhelp@=\toks23
\eqnshift@=\dimen171
\alignsep@=\dimen172
\tagshift@=\dimen173
\tagwidth@=\dimen174
\totwidth@=\dimen175
\lineht@=\dimen176
\@envbody=\toks24
\multlinegap=\skip73
\multlinetaggap=\skip74
\mathdisplay@stack=\toks25
LaTeX Info: Redefining \[ on input line 2950.
LaTeX Info: Redefining \] on input line 2951.
)
\g_MT_multlinerow_int=\count319
\l_MT_multwidth_dim=\dimen177
\origjot=\skip75
\l_MT_shortvdotswithinadjustabove_dim=\dimen178
\l_MT_shortvdotswithinadjustbelow_dim=\dimen179
\l_MT_above_intertext_sep=\dimen180
\l_MT_below_intertext_sep=\dimen181
\l_MT_above_shortintertext_sep=\dimen182
\l_MT_below_shortintertext_sep=\dimen183
\xmathstrut@box=\box62
\xmathstrut@dim=\dimen184
)
(C:\Users\Gabriele_user\AppData\Local\Programs\MiKTeX\tex/latex/enumitem\enumit
em.sty
Package: enumitem 2025/02/06 v3.11 Customized lists
\labelindent=\skip76
\enit@outerparindent=\dimen185
\enit@toks=\toks26
\enit@inbox=\box63
\enit@count@id=\count320
\enitdp@description=\count321
)
(C:\Users\Gabriele_user\AppData\Local\Programs\MiKTeX\tex/latex/fontspec\fontsp
ec.sty
(C:\Users\Gabriele_user\AppData\Local\Programs\MiKTeX\tex/latex/l3packages/xpar
se\xparse.sty
(C:\Users\Gabriele_user\AppData\Local\Programs\MiKTeX\tex/latex/l3kernel\expl3.
sty
Package: expl3 2025-10-24 L3 programming layer (loader) 

(C:\Users\Gabriele_user\AppData\Local\Programs\MiKTeX\tex/latex/l3backend\l3bac
kend-xetex.def
File: l3backend-xetex.def 2025-10-09 L3 backend support: XeTeX
\g__graphics_track_int=\count322
\g__pdfannot_backend_int=\count323
\g__pdfannot_backend_link_int=\count324
))
Package: xparse 2025-10-09 L3 Experimental document command parser
)
Package: fontspec 2025/09/29 v2.9g Font selection for XeLaTeX and LuaLaTeX

(C:\Users\Gabriele_user\AppData\Local\Programs\MiKTeX\tex/latex/fontspec\fontsp
ec-xetex.sty
Package: fontspec-xetex 2025/09/29 v2.9g Font selection for XeLaTeX and LuaLaTe
X
\l__fontspec_script_int=\count325
\l__fontspec_language_int=\count326
\l__fontspec_strnum_int=\count327
\l__fontspec_tmp_int=\count328
\l__fontspec_tmpa_int=\count329
\l__fontspec_tmpb_int=\count330
\l__fontspec_tmpc_int=\count331
\l__fontspec_em_int=\count332
\l__fontspec_emdef_int=\count333
\l__fontspec_strong_int=\count334
\l__fontspec_strongdef_int=\count335
\l__fontspec_tmpa_dim=\dimen186
\l__fontspec_tmpb_dim=\dimen187
\l__fontspec_tmpc_dim=\dimen188

(C:\Users\Gabriele_user\AppData\Local\Programs\MiKTeX\tex/latex/base\fontenc.st
y
Package: fontenc 2025/07/18 v2.1d Standard LaTeX package
)
(C:\Users\Gabriele_user\AppData\Local\Programs\MiKTeX\tex/latex/fontspec\fontsp
ec.cfg)))

Package fontspec Info: 
(fontspec)             Font family 'DejaVuSansMono(0)' created for font
(fontspec)             'DejaVu Sans Mono' with options
(fontspec)             [WordSpace={1,0,0},HyphenChar=None,PunctuationSpace=Word
Space].
(fontspec)              
(fontspec)              This font family consists of the following NFSS
(fontspec)             series/shapes:
(fontspec)              
(fontspec)             - 'normal' (m/n) with NFSS spec.: <->"DejaVu Sans
(fontspec)             Mono/OT:script=latn;language=dflt;"
(fontspec)             - 'bold' (b/n) with NFSS spec.: <->"DejaVu Sans
(fontspec)             Mono/B/OT:script=latn;language=dflt;"
(fontspec)             - 'italic' (m/it) with NFSS spec.: <->"DejaVu Sans
(fontspec)             Mono/I/OT:script=latn;language=dflt;"
(fontspec)             - 'bold italic' (b/it) with NFSS spec.: <->"DejaVu Sans
(fontspec)             Mono/BI/OT:script=latn;language=dflt;"

Class scrbook Info: loading recommended package `bookmark'.
(scrbook)           Using `bookmark' together with `hyperref' is recommended,
(scrbook)           because of handling of possible bookmark level gaps.
(scrbook)           You can avoid loading `bookmark' with KOMA-Script option
(scrbook)           `bookmarkpackage=false' before \begin{document} and
(scrbook)           you can avoid this message adding:
(scrbook)             \usepackage{bookmark}
(scrbook)           before \begin{document} on input line 40.

(C:\Users\Gabriele_user\AppData\Local\Programs\MiKTeX\tex/latex/bookmark\bookma
rk.sty
Package: bookmark 2023-12-10 v1.31 PDF bookmarks (HO)

(C:\Users\Gabriele_user\AppData\Local\Programs\MiKTeX\tex/latex/bookmark\bkm-dv
ipdfm.def
File: bkm-dvipdfm.def 2023-12-10 v1.31 bookmark driver for dvipdfm (HO)
\BKM@id=\count336
)) (Apache.aux)
\openout1 = `Apache.aux'.

LaTeX Font Info:    Checking defaults for OML/cmm/m/it on input line 40.
LaTeX Font Info:    ... okay on input line 40.
LaTeX Font Info:    Checking defaults for OMS/cmsy/m/n on input line 40.
LaTeX Font Info:    ... okay on input line 40.
LaTeX Font Info:    Checking defaults for OT1/cmr/m/n on input line 40.
LaTeX Font Info:    ... okay on input line 40.
LaTeX Font Info:    Checking defaults for T1/cmr/m/n on input line 40.
LaTeX Font Info:    ... okay on input line 40.
LaTeX Font Info:    Checking defaults for TS1/cmr/m/n on input line 40.
LaTeX Font Info:    ... okay on input line 40.
LaTeX Font Info:    Checking defaults for TU/lmr/m/n on input line 40.
LaTeX Font Info:    ... okay on input line 40.
LaTeX Font Info:    Checking defaults for OMX/cmex/m/n on input line 40.
LaTeX Font Info:    ... okay on input line 40.
LaTeX Font Info:    Checking defaults for U/cmr/m/n on input line 40.
LaTeX Font Info:    ... okay on input line 40.
LaTeX Font Info:    Checking defaults for PD1/pdf/m/n on input line 40.
LaTeX Font Info:    ... okay on input line 40.
LaTeX Font Info:    Checking defaults for PU/pdf/m/n on input line 40.
LaTeX Font Info:    ... okay on input line 40.
Package scrbase Info: activating english \partname on input line 40.
Package scrbase Info: activating english \chaptername on input line 40.
Package scrbase Info: activating english \appendixname on input line 40.
Package scrbase Info: activating english \figurename on input line 40.
Package scrbase Info: activating english \tablename on input line 40.
Package scrbase Info: activating english \contentsname on input line 40.
Package scrbase Info: activating english \listfigurename on input line 40.
Package scrbase Info: activating english \listtablename on input line 40.
Package scrbase Info: activating english \bibname on input line 40.
Package scrbase Info: activating english \indexname on input line 40.
Package hyperref Info: Link coloring OFF on input line 40.
\c@lstlisting=\count337
Package tocbasic Info: omitting babel extension for `lol'
(tocbasic)             because of missing \bbl@set@language on input line 40.
\scr@dte@lstlisting@maxnumwidth=\skip77

Package fontspec Info: 
(fontspec)             Adjusting the maths setup (use [no-math] to avoid
(fontspec)             this).

\symlegacymaths=\mathgroup4
LaTeX Font Info:    Overwriting symbol font `legacymaths' in version `bold'
(Font)                  OT1/cmr/m/n --> OT1/cmr/bx/n on input line 40.
LaTeX Font Info:    Redeclaring math accent \acute on input line 40.
LaTeX Font Info:    Redeclaring math accent \grave on input line 40.
LaTeX Font Info:    Redeclaring math accent \ddot on input line 40.
LaTeX Font Info:    Redeclaring math accent \tilde on input line 40.
LaTeX Font Info:    Redeclaring math accent \bar on input line 40.
LaTeX Font Info:    Redeclaring math accent \breve on input line 40.
LaTeX Font Info:    Redeclaring math accent \check on input line 40.
LaTeX Font Info:    Redeclaring math accent \hat on input line 40.
LaTeX Font Info:    Redeclaring math accent \dot on input line 40.
LaTeX Font Info:    Redeclaring math accent \mathring on input line 40.
LaTeX Font Info:    Redeclaring math symbol \Gamma on input line 40.
LaTeX Font Info:    Redeclaring math symbol \Delta on input line 40.
LaTeX Font Info:    Redeclaring math symbol \Theta on input line 40.
LaTeX Font Info:    Redeclaring math symbol \Lambda on input line 40.
LaTeX Font Info:    Redeclaring math symbol \Xi on input line 40.
LaTeX Font Info:    Redeclaring math symbol \Pi on input line 40.
LaTeX Font Info:    Redeclaring math symbol \Sigma on input line 40.
LaTeX Font Info:    Redeclaring math symbol \Upsilon on input line 40.
LaTeX Font Info:    Redeclaring math symbol \Phi on input line 40.
LaTeX Font Info:    Redeclaring math symbol \Psi on input line 40.
LaTeX Font Info:    Redeclaring math symbol \Omega on input line 40.
LaTeX Font Info:    Redeclaring math symbol \mathdollar on input line 40.
LaTeX Font Info:    Redeclaring symbol font `operators' on input line 40.
LaTeX Font Info:    Encoding `OT1' has changed to `TU' for symbol font
(Font)              `operators' in the math version `normal' on input line 40.
LaTeX Font Info:    Overwriting symbol font `operators' in version `normal'
(Font)                  OT1/cmr/m/n --> TU/lmr/m/n on input line 40.
LaTeX Font Info:    Encoding `OT1' has changed to `TU' for symbol font
(Font)              `operators' in the math version `bold' on input line 40.
LaTeX Font Info:    Overwriting symbol font `operators' in version `bold'
(Font)                  OT1/cmr/bx/n --> TU/lmr/m/n on input line 40.
LaTeX Font Info:    Overwriting symbol font `operators' in version `normal'
(Font)                  TU/lmr/m/n --> TU/lmr/m/n on input line 40.
LaTeX Font Info:    Overwriting math alphabet `\mathit' in version `normal'
(Font)                  OT1/cmr/m/it --> TU/lmr/m/it on input line 40.
LaTeX Font Info:    Overwriting math alphabet `\mathbf' in version `normal'
(Font)                  OT1/cmr/bx/n --> TU/lmr/b/n on input line 40.
LaTeX Font Info:    Overwriting math alphabet `\mathsf' in version `normal'
(Font)                  OT1/cmss/m/n --> TU/lmss/m/n on input line 40.
LaTeX Font Info:    Overwriting math alphabet `\mathtt' in version `normal'
(Font)                  OT1/cmtt/m/n --> TU/DejaVuSansMono(0)/m/n on input line
 40.
LaTeX Font Info:    Overwriting symbol font `operators' in version `bold'
(Font)                  TU/lmr/m/n --> TU/lmr/b/n on input line 40.
LaTeX Font Info:    Overwriting math alphabet `\mathit' in version `bold'
(Font)                  OT1/cmr/bx/it --> TU/lmr/b/it on input line 40.
LaTeX Font Info:    Overwriting math alphabet `\mathsf' in version `bold'
(Font)                  OT1/cmss/bx/n --> TU/lmss/b/n on input line 40.
LaTeX Font Info:    Overwriting math alphabet `\mathtt' in version `bold'
(Font)                  OT1/cmtt/m/n --> TU/DejaVuSansMono(0)/b/n on input line
 40.
 [1



]
Overfull \hbox (10.95pt too wide) in paragraph at lines 52--55
[][]
 []

[2] (Apache.toc
Overfull \hbox (57.1838pt too wide) in paragraph at lines 41--41
 [][] [][]\TU/lmr/m/n/10 Interaction Between \TU/DejaVuSansMono(0)/m/n/10 KeepA
live\TU/lmr/m/n/10 , \TU/DejaVuSansMono(0)/m/n/10 KeepAliveTimeout\TU/lmr/m/n/1
0 , and \TU/DejaVuSansMono(0)/m/n/10 MaxKeepAliveRequests[] []  
 []

[3



])
\tf@toc=\write3
\openout3 = `Apache.toc'.

 [4]
chapter 1.
File: Images/Web_server_market_share.jpg Graphic file (type bmp)
<Images/Web_server_market_share.jpg>
File: Images/Configuration files.png Graphic file (type bmp)
<Images/Configuration files.png>

Underfull \hbox (badness 10000) in paragraph at lines 121--122

 []


Underfull \hbox (badness 2790) in paragraph at lines 160--160
[]|\TU/lmr/bx/n/6 Lower. \TU/lmr/m/n/6 Over-distributing security rules
 []


Underfull \hbox (badness 1092) in paragraph at lines 160--160
\TU/lmr/m/n/6 developers to make localized configuration
 []


Underfull \hbox (badness 1895) in paragraph at lines 160--160
[]|\TU/lmr/m/n/6 Sparingly, for specific, localized overrides
 []


LaTeX Warning: `h' float specifier changed to `ht'.


Underfull \hbox (badness 10000) in paragraph at lines 165--169

 []

[5


] [6] [7] [8


]
chapter 2.

Underfull \hbox (badness 10000) in paragraph at lines 177--180

 []

[9]
File: Images/Apache HTTP server architecture.jpg Graphic file (type bmp)
<Images/Apache HTTP server architecture.jpg>

Underfull \hbox (badness 10000) in paragraph at lines 226--227

 []

[10]
Underfull \hbox (badness 10000) in paragraph at lines 246--247

 []


Underfull \hbox (badness 10000) in paragraph at lines 248--249

 []


Underfull \hbox (badness 10000) in paragraph at lines 250--251

 []

[11] [12]
chapter 3.
File: Images/Apache HTTP server configuration.jpg Graphic file (type bmp)
<Images/Apache HTTP server configuration.jpg>

Underfull \hbox (badness 10000) in paragraph at lines 271--273

 []

[13


] [14]
Underfull \hbox (badness 10000) in paragraph at lines 330--331

 []

[15] [16]
Underfull \hbox (badness 10000) in paragraph at lines 450--451

 []


Underfull \hbox (badness 2573) in paragraph at lines 493--493
[]|\TU/lmr/m/n/6 Directory containing symbolic links to virtual host configurat
ion files stored in
 []

[17]
Underfull \hbox (badness 10000) in paragraph at lines 512--513

 []


Underfull \hbox (badness 10000) in paragraph at lines 514--515

 []


Underfull \hbox (badness 10000) in paragraph at lines 554--555

 []

[18]
Overfull \hbox (30.55498pt too wide) in paragraph at lines 583--584
[][][][][][][][][][][][][][][][][][][][][][][][][] 
 []

[19]
Underfull \hbox (badness 10000) in paragraph at lines 613--614

 []


Underfull \hbox (badness 10000) in paragraph at lines 615--616

 []


Overfull \hbox (52.01215pt too wide) in paragraph at lines 624--625
[]\TU/lmr/m/n/10 Also the \TU/DejaVuSansMono(0)/m/n/10 <Location> \TU/lmr/m/n/1
0 directive has a regular-expression-based counterpart called \TU/DejaVuSansMon
o(0)/m/n/10 <LocationMatch>
 []


Underfull \hbox (badness 10000) in paragraph at lines 629--630

 []

[20]
Underfull \hbox (badness 10000) in paragraph at lines 652--653

 []


Underfull \hbox (badness 10000) in paragraph at lines 666--667

 []


Underfull \hbox (badness 10000) in paragraph at lines 672--673

 []


Underfull \hbox (badness 10000) in paragraph at lines 686--687

 []

[21]
Underfull \hbox (badness 10000) in paragraph at lines 692--693

 []


Underfull \hbox (badness 10000) in paragraph at lines 715--716

 []

[22]
Underfull \hbox (badness 10000) in paragraph at lines 780--781

 []


Underfull \hbox (badness 10000) in paragraph at lines 786--787

 []

[23]
Underfull \hbox (badness 10000) in paragraph at lines 809--810

 []


Overfull \hbox (28.31517pt too wide) in paragraph at lines 827--828
\TU/DejaVuSansMono(0)/m/n/10 /var/www/private \TU/lmr/m/n/10 directory. Therefo
re, only \TU/DejaVuSansMono(0)/m/n/10 ExecCGI \TU/lmr/m/n/10 remains active ins
ide \TU/DejaVuSansMono(0)/m/n/10 /var/www/private\TU/lmr/m/n/10 ,
 []


Underfull \hbox (badness 10000) in paragraph at lines 827--828

 []

[24]
Underfull \hbox (badness 10000) in paragraph at lines 865--866

 []


Underfull \hbox (badness 10000) in paragraph at lines 871--872

 []


Overfull \hbox (31.83005pt too wide) in paragraph at lines 880--881
[]\TU/lmr/m/n/10 This configuration denies access to all clients except those o
riginating from the domain \TU/DejaVuSansMono(0)/m/n/10 example.org\TU/lmr/m/n/
10 . 
 []


Underfull \hbox (badness 10000) in paragraph at lines 880--881

 []

[25]
Underfull \hbox (badness 10000) in paragraph at lines 902--903

 []

[26]
Overfull \hbox (9.2005pt too wide) in paragraph at lines 954--955
[][][][][][][][][][][][][][][][] 
 []


Underfull \hbox (badness 10000) in paragraph at lines 994--995

 []

[27]
Underfull \hbox (badness 10000) in paragraph at lines 1024--1025

 []


Overfull \hbox (2.37448pt too wide) in paragraph at lines 1026--1027
[]\TU/lmr/m/n/10 Persistent connections are particularly important for modern w
eb applications because browsers
 []

[28]
Underfull \hbox (badness 10000) in paragraph at lines 1054--1055

 []

[29]
Underfull \hbox (badness 10000) in paragraph at lines 1108--1109

 []


Underfull \hbox (badness 10000) in paragraph at lines 1119--1120

 []


Underfull \hbox (badness 10000) in paragraph at lines 1131--1132

 []

[30] [31]
Underfull \hbox (badness 10000) in paragraph at lines 1209--1210

 []


Underfull \hbox (badness 10000) in paragraph at lines 1215--1216

 []

[32] [33]
Underfull \hbox (badness 10000) in paragraph at lines 1369--1370

 []

[34] [35] [36] [37]
Overfull \hbox (2.88506pt too wide) in paragraph at lines 1561--1562
[]\TU/DejaVuSansMono(0)/m/n/10 AuthName "Realm Name"\TU/lmr/m/n/10 : Sets the t
ext that appears in the authentication prompt
 []

[38]
chapter 4.
[39


]
Underfull \hbox (badness 10000) in paragraph at lines 1675--1676

 []

[40] [41] [42]
Underfull \hbox (badness 10000) in paragraph at lines 1869--1870

 []

[43]
File: Images/PHP module.jpg Graphic file (type bmp)
<Images/PHP module.jpg>


LaTeX Warning: `!h' float specifier changed to `!ht'.


Underfull \hbox (badness 10000) in paragraph at lines 1896--1897

 []


Underfull \hbox (badness 10000) in paragraph at lines 1898--1899

 []


Underfull \hbox (badness 10000) in paragraph at lines 1900--1901

 []

[44]
Underfull \hbox (badness 10000) in paragraph at lines 1902--1903

 []

File: Images/PHP CGI.jpg Graphic file (type bmp)
<Images/PHP CGI.jpg>

LaTeX Warning: `!h' float specifier changed to `!ht'.

[45] [46]
File: Images/PHP CGI script.jpg Graphic file (type bmp)
<Images/PHP CGI script.jpg>

Underfull \hbox (badness 10000) in paragraph at lines 2007--2008

 []


Underfull \hbox (badness 10000) in paragraph at lines 2009--2010

 []

[47] [48]
chapter 5.
File: Images/Redirection.png Graphic file (type bmp)
<Images/Redirection.png>

Underfull \hbox (badness 10000) in paragraph at lines 2030--2031

 []


Underfull \hbox (badness 10000) in paragraph at lines 2059--2060

 []


Underfull \hbox (badness 10000) in paragraph at lines 2061--2062

 []


Overfull \hbox (7.35477pt too wide) in paragraph at lines 2063--2064
\TU/lmr/m/n/10 tion yet. The old location of the resource is \TU/DejaVuSansMono
(0)/m/n/10 http://www.example.com/olddir/mydoc.html
 []

[49


] [50]
File: Images/Virtual hosting.png Graphic file (type bmp)
<Images/Virtual hosting.png>

Underfull \hbox (badness 10000) in paragraph at lines 2098--2098
[]|\TU/lmr/bx/n/10.95 Name-Based Virtual
 []


Underfull \hbox (badness 10000) in paragraph at lines 2098--2098
[]|\TU/lmr/bx/n/10.95 Primary Trade-
 []


Underfull \hbox (badness 5893) in paragraph at lines 2098--2098
[]|\TU/lmr/bx/n/10.95 Advantage: \TU/lmr/m/n/10.95 Highly effi-
 []

[51]
Underfull \hbox (badness 10000) in paragraph at lines 2111--2112

 []


Underfull \hbox (badness 10000) in paragraph at lines 2131--2132

 []


Underfull \hbox (badness 10000) in paragraph at lines 2133--2134

 []


Overfull \hbox (22.3626pt too wide) in paragraph at lines 2135--2136
[]\TU/lmr/m/n/10 The slides suggests that new virtual host configurations shoul
d be “based on” \TU/DejaVuSansMono(0)/m/n/10 000-default.conf\TU/lmr/m/n/10 .
 []

[52]
Overfull \hbox (9.2005pt too wide) in paragraph at lines 2151--2152
[][][][][][][][][][][][][][][][][][] 
 []


Overfull \hbox (43.88408pt too wide) in paragraph at lines 2182--2183
[]\TU/lmr/m/n/10 Internally, this command creates a symbolic link from the conf
iguration file stored in \TU/DejaVuSansMono(0)/m/n/10 sites-available
 []


Underfull \hbox (badness 10000) in paragraph at lines 2226--2227

 []

[53]
Underfull \hbox (badness 10000) in paragraph at lines 2232--2233

 []

[54] [55]
Overfull \hbox (9.7247pt too wide) in paragraph at lines 2349--2350
[]\TU/DejaVuSansMono(0)/m/n/10 mod_expires\TU/lmr/m/n/10 : This module controls
 the \TU/DejaVuSansMono(0)/m/n/10 Expires \TU/lmr/m/n/10 and \TU/DejaVuSansMono
(0)/m/n/10 Cache-Control: max-age
 []


Overfull \hbox (30.55498pt too wide) in paragraph at lines 2400--2401
[][][][][][][][][][][][][][][][][][][][][][][][][][][][][][][][][] 
 []

[56]
Overfull \hbox (6.93225pt too wide) in paragraph at lines 2458--2460
[]\TU/DejaVuSansMono(0)/m/n/10 ExpiresDefault <code>seconds\TU/lmr/m/n/10 : Def
ines the default expiration policy. The \TU/DejaVuSansMono(0)/m/n/10 seconds
 []

[57]
Underfull \hbox (badness 10000) in paragraph at lines 2475--2476

 []

[58]
Overfull \hbox (3.18pt too wide) in paragraph at lines 2545--2546
[][][][][][][][][][][][][][] 
 []


Underfull \hbox (badness 10000) in paragraph at lines 2557--2558

 []

[59] [60] [61]
Underfull \hbox (badness 10000) in paragraph at lines 2695--2696

 []

File: Images/Load balancing.png Graphic file (type bmp)
<Images/Load balancing.png>
[62] [63]
(C:\Users\Gabriele_user\AppData\Local\Programs\MiKTeX\tex/latex/listings\lstlan
g1.sty
File: lstlang1.sty 2025/10/06 1.11 listings language file
)
(C:\Users\Gabriele_user\AppData\Local\Programs\MiKTeX\tex/latex/listings\lstlan
g1.sty
File: lstlang1.sty 2025/10/06 1.11 listings language file
) [64]
Underfull \hbox (badness 10000) in paragraph at lines 2847--2848

 []


Underfull \hbox (badness 10000) in paragraph at lines 2862--2863

 []


Underfull \hbox (badness 10000) in paragraph at lines 2872--2873

 []

[65]
Underfull \hbox (badness 10000) in paragraph at lines 2880--2881

 []

[66] (Apache.aux)
 ***********
LaTeX2e <2025-11-01>
L3 programming layer <2025-10-24>
 ***********
 ) 
Here is how much of TeX's memory you used:
 18747 strings out of 402987
 400556 string characters out of 5446868
 1191335 words of memory out of 5000000
 47252 multiletter control sequences out of 15000+600000
 633381 words of font info for 96 fonts, out of 8000000 for 9000
 1348 hyphenation exceptions out of 8191
 108i,21n,107p,11238b,1816s stack positions out of 10000i,1000n,20000p,200000b,200000s

Output written on Apache.pdf (66 pages).
